  [1m[35m (5.2ms)[0m  [1m[34mSELECT sqlite_version(*)[0m
  [1m[35m (0.1ms)[0m  [1m[34mSELECT sqlite_version(*)[0m
  [1m[35m (5.2ms)[0m  [1m[35mCREATE TABLE "schema_migrations" ("version" varchar NOT NULL PRIMARY KEY)[0m
  [1m[35m (4.5ms)[0m  [1m[35mCREATE TABLE "ar_internal_metadata" ("key" varchar NOT NULL PRIMARY KEY, "value" varchar, "created_at" datetime(6) NOT NULL, "updated_at" datetime(6) NOT NULL)[0m
  [1m[35m (0.2ms)[0m  [1m[34mSELECT "schema_migrations"."version" FROM "schema_migrations" ORDER BY "schema_migrations"."version" ASC[0m
Migrating to CreateBitcoinWallets (20200701181335)
  [1m[35m (0.1ms)[0m  [1m[36mbegin transaction[0m
  [1m[35m (1.0ms)[0m  [1m[35mCREATE TABLE "bitcoin_wallets" ("id" integer PRIMARY KEY AUTOINCREMENT NOT NULL, "address" varchar, "balance" decimal(11,8), "created_at" datetime(6) NOT NULL, "updated_at" datetime(6) NOT NULL)[0m
  [1m[36mprimary::SchemaMigration Create (0.2ms)[0m  [1m[32mINSERT INTO "schema_migrations" ("version") VALUES (?)[0m  [["version", "20200701181335"]]
  [1m[35m (9.4ms)[0m  [1m[36mcommit transaction[0m
  [1m[36mActiveRecord::InternalMetadata Load (0.3ms)[0m  [1m[34mSELECT "ar_internal_metadata".* FROM "ar_internal_metadata" WHERE "ar_internal_metadata"."key" = ? LIMIT ?[0m  [["key", "environment"], ["LIMIT", 1]]
  [1m[35m (0.0ms)[0m  [1m[36mbegin transaction[0m
  [1m[36mActiveRecord::InternalMetadata Create (1.1ms)[0m  [1m[32mINSERT INTO "ar_internal_metadata" ("key", "value", "created_at", "updated_at") VALUES (?, ?, ?, ?)[0m  [["key", "environment"], ["value", "development"], ["created_at", "2020-07-01 18:57:33.498529"], ["updated_at", "2020-07-01 18:57:33.498529"]]
  [1m[35m (8.9ms)[0m  [1m[36mcommit transaction[0m
  [1m[35m (0.1ms)[0m  [1m[34mSELECT sqlite_version(*)[0m
  [1m[35m (0.2ms)[0m  [1m[34mSELECT "schema_migrations"."version" FROM "schema_migrations" ORDER BY "schema_migrations"."version" ASC[0m
  [1m[35m (3.1ms)[0m  [1m[34mSELECT sqlite_version(*)[0m
  [1m[35m (0.2ms)[0m  [1m[34mSELECT "schema_migrations"."version" FROM "schema_migrations" ORDER BY "schema_migrations"."version" ASC[0m
  [1m[35m (0.8ms)[0m  [1m[34mSELECT "ar_internal_metadata"."value" FROM "ar_internal_metadata" WHERE "ar_internal_metadata"."key" = ?[0m  [["key", "environment"]]
  [1m[35m (0.1ms)[0m  [1m[34mSELECT "schema_migrations"."version" FROM "schema_migrations" ORDER BY "schema_migrations"."version" ASC[0m
  [1m[35m (0.1ms)[0m  [1m[34mSELECT "ar_internal_metadata"."value" FROM "ar_internal_metadata" WHERE "ar_internal_metadata"."key" = ?[0m  [["key", "environment"]]
  [1m[35m (0.1ms)[0m  [1m[34mSELECT "schema_migrations"."version" FROM "schema_migrations" ORDER BY "schema_migrations"."version" ASC[0m
  [1m[35m (0.1ms)[0m  [1m[34mSELECT "ar_internal_metadata"."value" FROM "ar_internal_metadata" WHERE "ar_internal_metadata"."key" = ?[0m  [["key", "environment"]]
  [1m[35m (0.1ms)[0m  [1m[34mSELECT sqlite_version(*)[0m
  [1m[35m (0.1ms)[0m  [1m[34mSELECT sqlite_version(*)[0m
  [1m[35m (0.1ms)[0m  [1m[34mSELECT sqlite_version(*)[0m
  [1m[35m (139.6ms)[0m  [1m[35mCREATE TABLE "schema_migrations" ("version" varchar NOT NULL PRIMARY KEY)[0m
  [1m[35m (14.2ms)[0m  [1m[35mCREATE TABLE "ar_internal_metadata" ("key" varchar NOT NULL PRIMARY KEY, "value" varchar, "created_at" datetime(6) NOT NULL, "updated_at" datetime(6) NOT NULL)[0m
  [1m[35m (0.3ms)[0m  [1m[34mSELECT "schema_migrations"."version" FROM "schema_migrations" ORDER BY "schema_migrations"."version" ASC[0m
Migrating to CreateBitcoinWallets (20200701181335)
  [1m[35m (0.1ms)[0m  [1m[36mbegin transaction[0m
  [1m[35m (1.2ms)[0m  [1m[35mCREATE TABLE "bitcoin_wallets" ("id" integer PRIMARY KEY AUTOINCREMENT NOT NULL, "address" varchar, "balance" decimal(11,8), "synced_at" datetime, "created_at" datetime(6) NOT NULL, "updated_at" datetime(6) NOT NULL)[0m
  [1m[36mprimary::SchemaMigration Create (0.3ms)[0m  [1m[32mINSERT INTO "schema_migrations" ("version") VALUES (?)[0m  [["version", "20200701181335"]]
  [1m[35m (33.6ms)[0m  [1m[36mcommit transaction[0m
  [1m[36mActiveRecord::InternalMetadata Load (0.3ms)[0m  [1m[34mSELECT "ar_internal_metadata".* FROM "ar_internal_metadata" WHERE "ar_internal_metadata"."key" = ? LIMIT ?[0m  [["key", "environment"], ["LIMIT", 1]]
  [1m[35m (0.0ms)[0m  [1m[36mbegin transaction[0m
  [1m[36mActiveRecord::InternalMetadata Create (0.8ms)[0m  [1m[32mINSERT INTO "ar_internal_metadata" ("key", "value", "created_at", "updated_at") VALUES (?, ?, ?, ?)[0m  [["key", "environment"], ["value", "development"], ["created_at", "2020-07-01 19:09:07.020226"], ["updated_at", "2020-07-01 19:09:07.020226"]]
  [1m[35m (52.1ms)[0m  [1m[36mcommit transaction[0m
  [1m[35m (0.1ms)[0m  [1m[34mSELECT sqlite_version(*)[0m
  [1m[35m (0.2ms)[0m  [1m[34mSELECT "schema_migrations"."version" FROM "schema_migrations" ORDER BY "schema_migrations"."version" ASC[0m
  [1m[35m (3.5ms)[0m  [1m[34mSELECT sqlite_version(*)[0m
  [1m[35m (3.1ms)[0m  [1m[34mSELECT sqlite_version(*)[0m
  [1m[35m (0.1ms)[0m  [1m[36mbegin transaction[0m
  [1m[36mBitcoinWallet Create (1.1ms)[0m  [1m[32mINSERT INTO "bitcoin_wallets" ("address", "created_at", "updated_at") VALUES (?, ?, ?)[0m  [["address", "18cBEMRxXHqzWWCxZNtU91F5sbUNKhL5PX"], ["created_at", "2020-07-01 19:16:38.616663"], ["updated_at", "2020-07-01 19:16:38.616663"]]
  [1m[35m (11.9ms)[0m  [1m[36mcommit transaction[0m
  [1m[35m (3.1ms)[0m  [1m[34mSELECT sqlite_version(*)[0m
  [1m[35m (0.1ms)[0m  [1m[36mbegin transaction[0m
  [1m[36mBitcoinWallet Create (1.5ms)[0m  [1m[32mINSERT INTO "bitcoin_wallets" ("address", "created_at", "updated_at") VALUES (?, ?, ?)[0m  [["address", "18cBEMRxXHqzWWCxZNtU91F5sbUNKhL5PX"], ["created_at", "2020-07-01 19:17:21.543235"], ["updated_at", "2020-07-01 19:17:21.543235"]]
  [1m[35m (12.3ms)[0m  [1m[36mcommit transaction[0m
  [1m[35m (3.2ms)[0m  [1m[34mSELECT sqlite_version(*)[0m
  [1m[35m (0.1ms)[0m  [1m[36mbegin transaction[0m
  [1m[36mBitcoinWallet Create (1.0ms)[0m  [1m[32mINSERT INTO "bitcoin_wallets" ("address", "created_at", "updated_at") VALUES (?, ?, ?)[0m  [["address", "18cBEMRxXHqzWWCxZNtU91F5sbUNKhL5PX"], ["created_at", "2020-07-01 19:18:20.250933"], ["updated_at", "2020-07-01 19:18:20.250933"]]
  [1m[35m (9.8ms)[0m  [1m[36mcommit transaction[0m
  [1m[35m (3.1ms)[0m  [1m[34mSELECT sqlite_version(*)[0m
  [1m[35m (0.1ms)[0m  [1m[36mbegin transaction[0m
  [1m[36mBitcoinWallet Create (1.1ms)[0m  [1m[32mINSERT INTO "bitcoin_wallets" ("address", "created_at", "updated_at") VALUES (?, ?, ?)[0m  [["address", "18cBEMRxXHqzWWCxZNtU91F5sbUNKhL5PX"], ["created_at", "2020-07-01 19:19:30.902215"], ["updated_at", "2020-07-01 19:19:30.902215"]]
  [1m[35m (9.0ms)[0m  [1m[36mcommit transaction[0m
  [1m[35m (3.2ms)[0m  [1m[34mSELECT sqlite_version(*)[0m
  [1m[35m (0.0ms)[0m  [1m[36mbegin transaction[0m
  [1m[36mBitcoinWallet Create (1.1ms)[0m  [1m[32mINSERT INTO "bitcoin_wallets" ("address", "created_at", "updated_at") VALUES (?, ?, ?)[0m  [["address", "18cBEMRxXHqzWWCxZNtU91F5sbUNKhL5PX"], ["created_at", "2020-07-01 19:22:54.481627"], ["updated_at", "2020-07-01 19:22:54.481627"]]
  [1m[35m (69.7ms)[0m  [1m[36mcommit transaction[0m
  [1m[35m (3.5ms)[0m  [1m[34mSELECT sqlite_version(*)[0m
  [1m[35m (0.1ms)[0m  [1m[36mbegin transaction[0m
  [1m[36mBitcoinWallet Create (1.0ms)[0m  [1m[32mINSERT INTO "bitcoin_wallets" ("address", "created_at", "updated_at") VALUES (?, ?, ?)[0m  [["address", "18cBEMRxXHqzWWCxZNtU91F5sbUNKhL5PX"], ["created_at", "2020-07-01 19:24:08.920828"], ["updated_at", "2020-07-01 19:24:08.920828"]]
  [1m[35m (438.2ms)[0m  [1m[36mcommit transaction[0m
  [1m[35m (3.1ms)[0m  [1m[34mSELECT sqlite_version(*)[0m
  [1m[35m (0.1ms)[0m  [1m[36mbegin transaction[0m
  [1m[36mBitcoinWallet Create (1.1ms)[0m  [1m[32mINSERT INTO "bitcoin_wallets" ("address", "created_at", "updated_at") VALUES (?, ?, ?)[0m  [["address", "18cBEMRxXHqzWWCxZNtU91F5sbUNKhL5PX"], ["created_at", "2020-07-01 19:24:45.330120"], ["updated_at", "2020-07-01 19:24:45.330120"]]
  [1m[35m (95.4ms)[0m  [1m[36mcommit transaction[0m
  [1m[35m (3.4ms)[0m  [1m[34mSELECT sqlite_version(*)[0m
  [1m[35m (0.1ms)[0m  [1m[36mbegin transaction[0m
  [1m[36mBitcoinWallet Create (1.2ms)[0m  [1m[32mINSERT INTO "bitcoin_wallets" ("address", "created_at", "updated_at") VALUES (?, ?, ?)[0m  [["address", "18cBEMRxXHqzWWCxZNtU91F5sbUNKhL5PX"], ["created_at", "2020-07-01 19:35:05.799558"], ["updated_at", "2020-07-01 19:35:05.799558"]]
  [1m[35m (39.5ms)[0m  [1m[36mcommit transaction[0m
  [1m[35m (3.3ms)[0m  [1m[34mSELECT sqlite_version(*)[0m
  [1m[35m (0.1ms)[0m  [1m[36mbegin transaction[0m
  [1m[36mBitcoinWallet Create (1.1ms)[0m  [1m[32mINSERT INTO "bitcoin_wallets" ("address", "created_at", "updated_at") VALUES (?, ?, ?)[0m  [["address", "18cBEMRxXHqzWWCxZNtU91F5sbUNKhL5PX"], ["created_at", "2020-07-01 19:35:28.822892"], ["updated_at", "2020-07-01 19:35:28.822892"]]
  [1m[35m (11.5ms)[0m  [1m[36mcommit transaction[0m
  [1m[35m (3.1ms)[0m  [1m[34mSELECT sqlite_version(*)[0m
  [1m[35m (0.1ms)[0m  [1m[36mbegin transaction[0m
  [1m[36mBitcoinWallet Create (1.4ms)[0m  [1m[32mINSERT INTO "bitcoin_wallets" ("address", "created_at", "updated_at") VALUES (?, ?, ?)[0m  [["address", "18cBEMRxXHqzWWCxZNtU91F5sbUNKhL5PX"], ["created_at", "2020-07-01 19:36:05.470161"], ["updated_at", "2020-07-01 19:36:05.470161"]]
  [1m[35m (10.2ms)[0m  [1m[36mcommit transaction[0m
  [1m[35m (0.0ms)[0m  [1m[36mbegin transaction[0m
  [1m[36mBitcoinWallet Update (0.8ms)[0m  [1m[33mUPDATE "bitcoin_wallets" SET "balance" = ?, "updated_at" = ? WHERE "bitcoin_wallets"."id" = ?[0m  [["balance", 13978761082.0], ["updated_at", "2020-07-01 19:36:07.646398"], ["id", 10]]
  [1m[35m (9.8ms)[0m  [1m[36mcommit transaction[0m
  [1m[35m (3.1ms)[0m  [1m[34mSELECT sqlite_version(*)[0m
  [1m[35m (0.1ms)[0m  [1m[36mbegin transaction[0m
  [1m[36mBitcoinWallet Create (1.3ms)[0m  [1m[32mINSERT INTO "bitcoin_wallets" ("address", "created_at", "updated_at") VALUES (?, ?, ?)[0m  [["address", "18cBEMRxXHqzWWCxZNtU91F5sbUNKhL5PX"], ["created_at", "2020-07-01 19:37:00.151683"], ["updated_at", "2020-07-01 19:37:00.151683"]]
  [1m[35m (9.9ms)[0m  [1m[36mcommit transaction[0m
  [1m[35m (0.1ms)[0m  [1m[36mbegin transaction[0m
  [1m[36mBitcoinWallet Update (1.0ms)[0m  [1m[33mUPDATE "bitcoin_wallets" SET "balance" = ?, "updated_at" = ? WHERE "bitcoin_wallets"."id" = ?[0m  [["balance", 13978761082.0], ["updated_at", "2020-07-01 19:37:03.146364"], ["id", 11]]
  [1m[35m (10.7ms)[0m  [1m[36mcommit transaction[0m
  [1m[35m (3.3ms)[0m  [1m[34mSELECT sqlite_version(*)[0m
  [1m[35m (0.1ms)[0m  [1m[36mbegin transaction[0m
  [1m[36mBitcoinWallet Create (1.1ms)[0m  [1m[32mINSERT INTO "bitcoin_wallets" ("address", "created_at", "updated_at") VALUES (?, ?, ?)[0m  [["address", "18cBEMRxXHqzWWCxZNtU91F5sbUNKhL5PX"], ["created_at", "2020-07-01 19:38:53.487270"], ["updated_at", "2020-07-01 19:38:53.487270"]]
  [1m[35m (25.5ms)[0m  [1m[36mcommit transaction[0m
  [1m[35m (3.1ms)[0m  [1m[34mSELECT sqlite_version(*)[0m
  [1m[35m (0.1ms)[0m  [1m[36mbegin transaction[0m
  [1m[36mBitcoinWallet Create (1.4ms)[0m  [1m[32mINSERT INTO "bitcoin_wallets" ("address", "created_at", "updated_at") VALUES (?, ?, ?)[0m  [["address", "18cBEMRxXHqzWWCxZNtU91F5sbUNKhL5PX"], ["created_at", "2020-07-01 19:43:56.396957"], ["updated_at", "2020-07-01 19:43:56.396957"]]
  [1m[35m (36.2ms)[0m  [1m[36mcommit transaction[0m
  [1m[35m (0.1ms)[0m  [1m[36mbegin transaction[0m
  [1m[36mBitcoinWallet Update (0.8ms)[0m  [1m[33mUPDATE "bitcoin_wallets" SET "balance" = ?, "updated_at" = ? WHERE "bitcoin_wallets"."id" = ?[0m  [["balance", 13978761082.0], ["updated_at", "2020-07-01 19:43:58.770945"], ["id", 13]]
  [1m[35m (8.5ms)[0m  [1m[36mcommit transaction[0m
  [1m[35m (3.6ms)[0m  [1m[34mSELECT sqlite_version(*)[0m
  [1m[35m (0.0ms)[0m  [1m[36mbegin transaction[0m
  [1m[36mBitcoinWallet Create (1.2ms)[0m  [1m[32mINSERT INTO "bitcoin_wallets" ("address", "created_at", "updated_at") VALUES (?, ?, ?)[0m  [["address", "18cBEMRxXHqzWWCxZNtU91F5sbUNKhL5PX"], ["created_at", "2020-07-01 19:46:20.456218"], ["updated_at", "2020-07-01 19:46:20.456218"]]
  [1m[35m (11.9ms)[0m  [1m[36mcommit transaction[0m
  [1m[35m (0.1ms)[0m  [1m[36mbegin transaction[0m
  [1m[36mBitcoinWallet Update (0.8ms)[0m  [1m[33mUPDATE "bitcoin_wallets" SET "balance" = ?, "updated_at" = ? WHERE "bitcoin_wallets"."id" = ?[0m  [["balance", 13978761082.0], ["updated_at", "2020-07-01 19:46:23.424164"], ["id", 14]]
  [1m[35m (10.6ms)[0m  [1m[36mcommit transaction[0m
  [1m[35m (3.1ms)[0m  [1m[34mSELECT sqlite_version(*)[0m
  [1m[35m (0.1ms)[0m  [1m[36mbegin transaction[0m
  [1m[36mBitcoinWallet Create (1.1ms)[0m  [1m[32mINSERT INTO "bitcoin_wallets" ("address", "created_at", "updated_at") VALUES (?, ?, ?)[0m  [["address", "18cBEMRxXHqzWWCxZNtU91F5sbUNKhL5PX"], ["created_at", "2020-07-01 19:47:30.975309"], ["updated_at", "2020-07-01 19:47:30.975309"]]
  [1m[35m (10.5ms)[0m  [1m[36mcommit transaction[0m
  [1m[35m (0.1ms)[0m  [1m[36mbegin transaction[0m
  [1m[36mBitcoinWallet Update (0.8ms)[0m  [1m[33mUPDATE "bitcoin_wallets" SET "balance" = ?, "updated_at" = ? WHERE "bitcoin_wallets"."id" = ?[0m  [["balance", 13978761082.0], ["updated_at", "2020-07-01 19:47:34.217108"], ["id", 15]]
  [1m[35m (7.9ms)[0m  [1m[36mcommit transaction[0m
  [1m[35m (3.8ms)[0m  [1m[34mSELECT sqlite_version(*)[0m
  [1m[35m (0.1ms)[0m  [1m[36mbegin transaction[0m
  [1m[36mBitcoinWallet Create (1.4ms)[0m  [1m[32mINSERT INTO "bitcoin_wallets" ("address", "created_at", "updated_at") VALUES (?, ?, ?)[0m  [["address", "18cBEMRxXHqzWWCxZNtU91F5sbUNKhL5PX"], ["created_at", "2020-07-01 19:49:14.108926"], ["updated_at", "2020-07-01 19:49:14.108926"]]
  [1m[35m (62.3ms)[0m  [1m[36mcommit transaction[0m
  [1m[35m (0.2ms)[0m  [1m[36mbegin transaction[0m
  [1m[36mBitcoinWallet Update (1.8ms)[0m  [1m[33mUPDATE "bitcoin_wallets" SET "balance" = ?, "updated_at" = ? WHERE "bitcoin_wallets"."id" = ?[0m  [["balance", 13978761082.0], ["updated_at", "2020-07-01 19:49:16.854150"], ["id", 16]]
  [1m[35m (742.8ms)[0m  [1m[36mcommit transaction[0m
  [1m[35m (3.2ms)[0m  [1m[34mSELECT sqlite_version(*)[0m
  [1m[35m (0.1ms)[0m  [1m[36mbegin transaction[0m
  [1m[36mBitcoinWallet Create (1.2ms)[0m  [1m[32mINSERT INTO "bitcoin_wallets" ("address", "created_at", "updated_at") VALUES (?, ?, ?)[0m  [["address", "18cBEMRxXHqzWWCxZNtU91F5sbUNKhL5PX"], ["created_at", "2020-07-01 19:49:56.254219"], ["updated_at", "2020-07-01 19:49:56.254219"]]
  [1m[35m (10.4ms)[0m  [1m[36mcommit transaction[0m
  [1m[35m (0.1ms)[0m  [1m[36mbegin transaction[0m
  [1m[36mBitcoinWallet Update (1.0ms)[0m  [1m[33mUPDATE "bitcoin_wallets" SET "balance" = ?, "updated_at" = ? WHERE "bitcoin_wallets"."id" = ?[0m  [["balance", 13978761082.0], ["updated_at", "2020-07-01 19:49:58.472975"], ["id", 17]]
  [1m[35m (10.9ms)[0m  [1m[36mcommit transaction[0m
  [1m[35m (3.1ms)[0m  [1m[34mSELECT sqlite_version(*)[0m
  [1m[35m (0.2ms)[0m  [1m[34mSELECT "schema_migrations"."version" FROM "schema_migrations" ORDER BY "schema_migrations"."version" ASC[0m
  [1m[35m (0.2ms)[0m  [1m[34mSELECT "ar_internal_metadata"."value" FROM "ar_internal_metadata" WHERE "ar_internal_metadata"."key" = ?[0m  [["key", "environment"]]
  [1m[35m (0.2ms)[0m  [1m[34mSELECT "schema_migrations"."version" FROM "schema_migrations" ORDER BY "schema_migrations"."version" ASC[0m
  [1m[35m (0.2ms)[0m  [1m[34mSELECT "ar_internal_metadata"."value" FROM "ar_internal_metadata" WHERE "ar_internal_metadata"."key" = ?[0m  [["key", "environment"]]
  [1m[35m (0.1ms)[0m  [1m[34mSELECT "schema_migrations"."version" FROM "schema_migrations" ORDER BY "schema_migrations"."version" ASC[0m
  [1m[35m (0.1ms)[0m  [1m[34mSELECT "ar_internal_metadata"."value" FROM "ar_internal_metadata" WHERE "ar_internal_metadata"."key" = ?[0m  [["key", "environment"]]
  [1m[35m (0.1ms)[0m  [1m[34mSELECT sqlite_version(*)[0m
  [1m[35m (0.1ms)[0m  [1m[34mSELECT sqlite_version(*)[0m
  [1m[35m (0.2ms)[0m  [1m[34mSELECT sqlite_version(*)[0m
  [1m[35m (4.1ms)[0m  [1m[35mCREATE TABLE "schema_migrations" ("version" varchar NOT NULL PRIMARY KEY)[0m
  [1m[35m (3.9ms)[0m  [1m[35mCREATE TABLE "ar_internal_metadata" ("key" varchar NOT NULL PRIMARY KEY, "value" varchar, "created_at" datetime(6) NOT NULL, "updated_at" datetime(6) NOT NULL)[0m
  [1m[35m (0.3ms)[0m  [1m[34mSELECT "schema_migrations"."version" FROM "schema_migrations" ORDER BY "schema_migrations"."version" ASC[0m
Migrating to CreateBitcoinWallets (20200701181335)
  [1m[35m (0.1ms)[0m  [1m[36mbegin transaction[0m
  [1m[35m (0.8ms)[0m  [1m[35mCREATE TABLE "bitcoin_wallets" ("id" integer PRIMARY KEY AUTOINCREMENT NOT NULL, "address" varchar, "balance" varchar, "synced_at" datetime, "created_at" datetime(6) NOT NULL, "updated_at" datetime(6) NOT NULL)[0m
  [1m[36mprimary::SchemaMigration Create (0.3ms)[0m  [1m[32mINSERT INTO "schema_migrations" ("version") VALUES (?)[0m  [["version", "20200701181335"]]
  [1m[35m (126.4ms)[0m  [1m[36mcommit transaction[0m
  [1m[36mActiveRecord::InternalMetadata Load (0.3ms)[0m  [1m[34mSELECT "ar_internal_metadata".* FROM "ar_internal_metadata" WHERE "ar_internal_metadata"."key" = ? LIMIT ?[0m  [["key", "environment"], ["LIMIT", 1]]
  [1m[35m (0.0ms)[0m  [1m[36mbegin transaction[0m
  [1m[36mActiveRecord::InternalMetadata Create (1.0ms)[0m  [1m[32mINSERT INTO "ar_internal_metadata" ("key", "value", "created_at", "updated_at") VALUES (?, ?, ?, ?)[0m  [["key", "environment"], ["value", "development"], ["created_at", "2020-07-01 19:50:22.925693"], ["updated_at", "2020-07-01 19:50:22.925693"]]
  [1m[35m (8.9ms)[0m  [1m[36mcommit transaction[0m
  [1m[35m (0.1ms)[0m  [1m[34mSELECT sqlite_version(*)[0m
  [1m[35m (0.1ms)[0m  [1m[34mSELECT "schema_migrations"."version" FROM "schema_migrations" ORDER BY "schema_migrations"."version" ASC[0m
  [1m[35m (3.1ms)[0m  [1m[34mSELECT sqlite_version(*)[0m
  [1m[35m (0.1ms)[0m  [1m[36mbegin transaction[0m
  [1m[36mBitcoinWallet Create (1.4ms)[0m  [1m[32mINSERT INTO "bitcoin_wallets" ("address", "created_at", "updated_at") VALUES (?, ?, ?)[0m  [["address", "18cBEMRxXHqzWWCxZNtU91F5sbUNKhL5PX"], ["created_at", "2020-07-01 19:50:38.837239"], ["updated_at", "2020-07-01 19:50:38.837239"]]
  [1m[35m (10.9ms)[0m  [1m[36mcommit transaction[0m
  [1m[35m (0.1ms)[0m  [1m[36mbegin transaction[0m
  [1m[36mBitcoinWallet Update (0.8ms)[0m  [1m[33mUPDATE "bitcoin_wallets" SET "balance" = ?, "updated_at" = ? WHERE "bitcoin_wallets"."id" = ?[0m  [["balance", "13978761082"], ["updated_at", "2020-07-01 19:50:41.310838"], ["id", 1]]
  [1m[35m (9.3ms)[0m  [1m[36mcommit transaction[0m
  [1m[35m (9.3ms)[0m  [1m[34mSELECT sqlite_version(*)[0m
  [1m[35m (0.0ms)[0m  [1m[36mbegin transaction[0m
  [1m[36mBitcoinWallet Create (1.3ms)[0m  [1m[32mINSERT INTO "bitcoin_wallets" ("address", "created_at", "updated_at") VALUES (?, ?, ?)[0m  [["address", "18cBEMRxXHqzWWCxZNtU91F5sbUNKhL5PX"], ["created_at", "2020-07-01 23:07:50.435463"], ["updated_at", "2020-07-01 23:07:50.435463"]]
  [1m[35m (624.2ms)[0m  [1m[36mcommit transaction[0m
  [1m[35m (3.2ms)[0m  [1m[34mSELECT sqlite_version(*)[0m
  [1m[35m (0.1ms)[0m  [1m[36mbegin transaction[0m
  [1m[36mBitcoinWallet Create (1.2ms)[0m  [1m[32mINSERT INTO "bitcoin_wallets" ("address", "created_at", "updated_at") VALUES (?, ?, ?)[0m  [["address", "18cBEMRxXHqzWWCxZNtU91F5sbUNKhL5PX"], ["created_at", "2020-07-01 23:08:21.642731"], ["updated_at", "2020-07-01 23:08:21.642731"]]
  [1m[35m (12.3ms)[0m  [1m[36mcommit transaction[0m
  [1m[35m (3.5ms)[0m  [1m[34mSELECT sqlite_version(*)[0m
  [1m[35m (0.1ms)[0m  [1m[36mbegin transaction[0m
  [1m[36mBitcoinWallet Create (1.2ms)[0m  [1m[32mINSERT INTO "bitcoin_wallets" ("address", "created_at", "updated_at") VALUES (?, ?, ?)[0m  [["address", "18cBEMRxXHqzWWCxZNtU91F5sbUNKhL5PX"], ["created_at", "2020-07-01 23:13:19.672555"], ["updated_at", "2020-07-01 23:13:19.672555"]]
  [1m[35m (9.7ms)[0m  [1m[36mcommit transaction[0m
  [1m[35m (3.1ms)[0m  [1m[34mSELECT sqlite_version(*)[0m
  [1m[35m (0.1ms)[0m  [1m[36mbegin transaction[0m
  [1m[36mBitcoinWallet Create (1.4ms)[0m  [1m[32mINSERT INTO "bitcoin_wallets" ("address", "created_at", "updated_at") VALUES (?, ?, ?)[0m  [["address", "18cBEMRxXHqzWWCxZNtU91F5sbUNKhL5PX"], ["created_at", "2020-07-01 23:14:52.785923"], ["updated_at", "2020-07-01 23:14:52.785923"]]
  [1m[35m (24.9ms)[0m  [1m[36mcommit transaction[0m
  [1m[35m (3.8ms)[0m  [1m[34mSELECT sqlite_version(*)[0m
  [1m[35m (0.1ms)[0m  [1m[36mbegin transaction[0m
  [1m[36mBitcoinWallet Create (1.3ms)[0m  [1m[32mINSERT INTO "bitcoin_wallets" ("address", "created_at", "updated_at") VALUES (?, ?, ?)[0m  [["address", "18cBEMRxXHqzWWCxZNtU91F5sbUNKhL5PX"], ["created_at", "2020-07-01 23:15:24.036399"], ["updated_at", "2020-07-01 23:15:24.036399"]]
  [1m[35m (10.0ms)[0m  [1m[36mcommit transaction[0m
  [1m[35m (3.6ms)[0m  [1m[34mSELECT sqlite_version(*)[0m
  [1m[35m (0.1ms)[0m  [1m[36mbegin transaction[0m
  [1m[36mBitcoinWallet Create (1.1ms)[0m  [1m[32mINSERT INTO "bitcoin_wallets" ("address", "created_at", "updated_at") VALUES (?, ?, ?)[0m  [["address", "18cBEMRxXHqzWWCxZNtU91F5sbUNKhL5PX"], ["created_at", "2020-07-01 23:16:09.261097"], ["updated_at", "2020-07-01 23:16:09.261097"]]
  [1m[35m (11.3ms)[0m  [1m[36mcommit transaction[0m
  [1m[35m (3.1ms)[0m  [1m[34mSELECT sqlite_version(*)[0m
  [1m[35m (0.1ms)[0m  [1m[36mbegin transaction[0m
  [1m[36mBitcoinWallet Create (1.1ms)[0m  [1m[32mINSERT INTO "bitcoin_wallets" ("address", "created_at", "updated_at") VALUES (?, ?, ?)[0m  [["address", "18cBEMRxXHqzWWCxZNtU91F5sbUNKhL5PX"], ["created_at", "2020-07-01 23:16:43.963415"], ["updated_at", "2020-07-01 23:16:43.963415"]]
  [1m[35m (116.4ms)[0m  [1m[36mcommit transaction[0m
  [1m[35m (3.1ms)[0m  [1m[34mSELECT sqlite_version(*)[0m
  [1m[35m (0.1ms)[0m  [1m[36mbegin transaction[0m
  [1m[36mBitcoinWallet Create (1.1ms)[0m  [1m[32mINSERT INTO "bitcoin_wallets" ("address", "created_at", "updated_at") VALUES (?, ?, ?)[0m  [["address", "18cBEMRxXHqzWWCxZNtU91F5sbUNKhL5PX"], ["created_at", "2020-07-01 23:17:20.353972"], ["updated_at", "2020-07-01 23:17:20.353972"]]
  [1m[35m (381.8ms)[0m  [1m[36mcommit transaction[0m
  [1m[35m (4.1ms)[0m  [1m[34mSELECT sqlite_version(*)[0m
  [1m[35m (0.1ms)[0m  [1m[36mbegin transaction[0m
  [1m[36mBitcoinWallet Create (0.9ms)[0m  [1m[32mINSERT INTO "bitcoin_wallets" ("address", "created_at", "updated_at") VALUES (?, ?, ?)[0m  [["address", "18cBEMRxXHqzWWCxZNtU91F5sbUNKhL5PX"], ["created_at", "2020-07-01 23:18:03.629705"], ["updated_at", "2020-07-01 23:18:03.629705"]]
  [1m[35m (160.4ms)[0m  [1m[36mcommit transaction[0m
  [1m[35m (3.1ms)[0m  [1m[34mSELECT sqlite_version(*)[0m
  [1m[35m (0.1ms)[0m  [1m[36mbegin transaction[0m
  [1m[36mBitcoinWallet Create (1.2ms)[0m  [1m[32mINSERT INTO "bitcoin_wallets" ("address", "created_at", "updated_at") VALUES (?, ?, ?)[0m  [["address", "18cBEMRxXHqzWWCxZNtU91F5sbUNKhL5PX"], ["created_at", "2020-07-01 23:18:46.998379"], ["updated_at", "2020-07-01 23:18:46.998379"]]
  [1m[35m (11.1ms)[0m  [1m[36mcommit transaction[0m
  [1m[35m (3.2ms)[0m  [1m[34mSELECT sqlite_version(*)[0m
  [1m[35m (0.1ms)[0m  [1m[36mbegin transaction[0m
  [1m[36mBitcoinWallet Create (1.2ms)[0m  [1m[32mINSERT INTO "bitcoin_wallets" ("address", "created_at", "updated_at") VALUES (?, ?, ?)[0m  [["address", "18cBEMRxXHqzWWCxZNtU91F5sbUNKhL5PX"], ["created_at", "2020-07-01 23:20:13.532966"], ["updated_at", "2020-07-01 23:20:13.532966"]]
  [1m[35m (11.6ms)[0m  [1m[36mcommit transaction[0m
  [1m[35m (3.4ms)[0m  [1m[34mSELECT sqlite_version(*)[0m
  [1m[35m (0.1ms)[0m  [1m[36mbegin transaction[0m
  [1m[36mBitcoinWallet Create (1.1ms)[0m  [1m[32mINSERT INTO "bitcoin_wallets" ("address", "created_at", "updated_at") VALUES (?, ?, ?)[0m  [["address", "18cBEMRxXHqzWWCxZNtU91F5sbUNKhL5PX"], ["created_at", "2020-07-01 23:22:12.796745"], ["updated_at", "2020-07-01 23:22:12.796745"]]
  [1m[35m (10.9ms)[0m  [1m[36mcommit transaction[0m
  [1m[35m (0.0ms)[0m  [1m[36mbegin transaction[0m
  [1m[36mBitcoinWallet Update (0.8ms)[0m  [1m[33mUPDATE "bitcoin_wallets" SET "balance" = ?, "updated_at" = ? WHERE "bitcoin_wallets"."id" = ?[0m  [["balance", "15951241317"], ["updated_at", "2020-07-01 23:22:14.983135"], ["id", 13]]
  [1m[35m (5.6ms)[0m  [1m[36mcommit transaction[0m
  [1m[35m (3.1ms)[0m  [1m[34mSELECT sqlite_version(*)[0m
  [1m[35m (0.1ms)[0m  [1m[36mbegin transaction[0m
  [1m[36mBitcoinWallet Create (1.3ms)[0m  [1m[32mINSERT INTO "bitcoin_wallets" ("address", "created_at", "updated_at") VALUES (?, ?, ?)[0m  [["address", "18cBEMRxXHqzWWCxZNtU91F5sbUNKhL5PX"], ["created_at", "2020-07-01 23:31:27.564680"], ["updated_at", "2020-07-01 23:31:27.564680"]]
  [1m[35m (223.2ms)[0m  [1m[36mcommit transaction[0m
  [1m[35m (3.1ms)[0m  [1m[34mSELECT sqlite_version(*)[0m
  [1m[35m (0.1ms)[0m  [1m[36mbegin transaction[0m
  [1m[36mBitcoinWallet Create (1.5ms)[0m  [1m[32mINSERT INTO "bitcoin_wallets" ("address", "created_at", "updated_at") VALUES (?, ?, ?)[0m  [["address", "18cBEMRxXHqzWWCxZNtU91F5sbUNKhL5PX"], ["created_at", "2020-07-01 23:32:40.129683"], ["updated_at", "2020-07-01 23:32:40.129683"]]
  [1m[35m (10.9ms)[0m  [1m[36mcommit transaction[0m
  [1m[35m (0.1ms)[0m  [1m[36mbegin transaction[0m
  [1m[36mBitcoinWallet Update (0.9ms)[0m  [1m[33mUPDATE "bitcoin_wallets" SET "balance" = ?, "updated_at" = ? WHERE "bitcoin_wallets"."id" = ?[0m  [["balance", "15951241317"], ["updated_at", "2020-07-01 23:32:42.448038"], ["id", 15]]
  [1m[35m (10.0ms)[0m  [1m[36mcommit transaction[0m
  [1m[35m (3.2ms)[0m  [1m[34mSELECT sqlite_version(*)[0m
  [1m[35m (0.2ms)[0m  [1m[34mSELECT "schema_migrations"."version" FROM "schema_migrations" ORDER BY "schema_migrations"."version" ASC[0m
  [1m[35m (0.2ms)[0m  [1m[34mSELECT "ar_internal_metadata"."value" FROM "ar_internal_metadata" WHERE "ar_internal_metadata"."key" = ?[0m  [["key", "environment"]]
  [1m[35m (0.1ms)[0m  [1m[34mSELECT "schema_migrations"."version" FROM "schema_migrations" ORDER BY "schema_migrations"."version" ASC[0m
  [1m[35m (0.5ms)[0m  [1m[34mSELECT "ar_internal_metadata"."value" FROM "ar_internal_metadata" WHERE "ar_internal_metadata"."key" = ?[0m  [["key", "environment"]]
  [1m[35m (0.1ms)[0m  [1m[34mSELECT "schema_migrations"."version" FROM "schema_migrations" ORDER BY "schema_migrations"."version" ASC[0m
  [1m[35m (0.1ms)[0m  [1m[34mSELECT "ar_internal_metadata"."value" FROM "ar_internal_metadata" WHERE "ar_internal_metadata"."key" = ?[0m  [["key", "environment"]]
  [1m[35m (0.1ms)[0m  [1m[34mSELECT sqlite_version(*)[0m
  [1m[35m (0.1ms)[0m  [1m[34mSELECT sqlite_version(*)[0m
  [1m[35m (0.1ms)[0m  [1m[34mSELECT sqlite_version(*)[0m
  [1m[35m (5.2ms)[0m  [1m[35mCREATE TABLE "schema_migrations" ("version" varchar NOT NULL PRIMARY KEY)[0m
  [1m[35m (9.1ms)[0m  [1m[35mCREATE TABLE "ar_internal_metadata" ("key" varchar NOT NULL PRIMARY KEY, "value" varchar, "created_at" datetime(6) NOT NULL, "updated_at" datetime(6) NOT NULL)[0m
  [1m[35m (0.2ms)[0m  [1m[34mSELECT "schema_migrations"."version" FROM "schema_migrations" ORDER BY "schema_migrations"."version" ASC[0m
Migrating to CreateBitcoinWallets (20200701181335)
  [1m[35m (0.1ms)[0m  [1m[36mbegin transaction[0m
  [1m[35m (1.0ms)[0m  [1m[35mCREATE TABLE "bitcoin_wallets" ("id" integer PRIMARY KEY AUTOINCREMENT NOT NULL, "address" varchar, "balance" varchar, "synced_at" datetime, "created_at" datetime(6) NOT NULL, "updated_at" datetime(6) NOT NULL)[0m
  [1m[36mprimary::SchemaMigration Create (0.1ms)[0m  [1m[32mINSERT INTO "schema_migrations" ("version") VALUES (?)[0m  [["version", "20200701181335"]]
  [1m[35m (8.9ms)[0m  [1m[36mcommit transaction[0m
  [1m[36mActiveRecord::InternalMetadata Load (0.3ms)[0m  [1m[34mSELECT "ar_internal_metadata".* FROM "ar_internal_metadata" WHERE "ar_internal_metadata"."key" = ? LIMIT ?[0m  [["key", "environment"], ["LIMIT", 1]]
  [1m[35m (0.0ms)[0m  [1m[36mbegin transaction[0m
  [1m[36mActiveRecord::InternalMetadata Create (0.8ms)[0m  [1m[32mINSERT INTO "ar_internal_metadata" ("key", "value", "created_at", "updated_at") VALUES (?, ?, ?, ?)[0m  [["key", "environment"], ["value", "development"], ["created_at", "2020-07-01 23:35:22.065356"], ["updated_at", "2020-07-01 23:35:22.065356"]]
  [1m[35m (9.5ms)[0m  [1m[36mcommit transaction[0m
  [1m[35m (0.0ms)[0m  [1m[34mSELECT sqlite_version(*)[0m
  [1m[35m (0.2ms)[0m  [1m[34mSELECT "schema_migrations"."version" FROM "schema_migrations" ORDER BY "schema_migrations"."version" ASC[0m
  [1m[35m (3.2ms)[0m  [1m[34mSELECT sqlite_version(*)[0m
  [1m[35m (0.1ms)[0m  [1m[36mbegin transaction[0m
  [1m[36mBitcoinWallet Create (1.0ms)[0m  [1m[32mINSERT INTO "bitcoin_wallets" ("address", "created_at", "updated_at") VALUES (?, ?, ?)[0m  [["address", "18cBEMRxXHqzWWCxZNtU91F5sbUNKhL5PX"], ["created_at", "2020-07-01 23:53:12.508507"], ["updated_at", "2020-07-01 23:53:12.508507"]]
  [1m[35m (11.9ms)[0m  [1m[36mcommit transaction[0m
  [1m[35m (3.3ms)[0m  [1m[34mSELECT sqlite_version(*)[0m
  [1m[35m (0.1ms)[0m  [1m[36mbegin transaction[0m
  [1m[36mBitcoinWallet Create (1.2ms)[0m  [1m[32mINSERT INTO "bitcoin_wallets" ("address", "created_at", "updated_at") VALUES (?, ?, ?)[0m  [["address", "18cBEMRxXHqzWWCxZNtU91F5sbUNKhL5PX"], ["created_at", "2020-07-01 23:54:51.109387"], ["updated_at", "2020-07-01 23:54:51.109387"]]
  [1m[35m (10.0ms)[0m  [1m[36mcommit transaction[0m
  [1m[35m (0.1ms)[0m  [1m[36mbegin transaction[0m
  [1m[36mBitcoinWallet Update (0.8ms)[0m  [1m[33mUPDATE "bitcoin_wallets" SET "balance" = ?, "updated_at" = ? WHERE "bitcoin_wallets"."id" = ?[0m  [["balance", "15951241317"], ["updated_at", "2020-07-01 23:54:53.522584"], ["id", 2]]
  [1m[35m (10.7ms)[0m  [1m[36mcommit transaction[0m
  [1m[35m (3.5ms)[0m  [1m[34mSELECT sqlite_version(*)[0m
  [1m[35m (0.1ms)[0m  [1m[36mbegin transaction[0m
  [1m[36mBitcoinWallet Create (1.1ms)[0m  [1m[32mINSERT INTO "bitcoin_wallets" ("address", "created_at", "updated_at") VALUES (?, ?, ?)[0m  [["address", "18cBEMRxXHqzWWCxZNtU91F5sbUNKhL5PX"], ["created_at", "2020-07-02 00:11:21.621935"], ["updated_at", "2020-07-02 00:11:21.621935"]]
  [1m[35m (11.0ms)[0m  [1m[36mcommit transaction[0m
  [1m[35m (3.2ms)[0m  [1m[34mSELECT sqlite_version(*)[0m
  [1m[35m (0.1ms)[0m  [1m[36mbegin transaction[0m
  [1m[36mBitcoinWallet Create (1.3ms)[0m  [1m[32mINSERT INTO "bitcoin_wallets" ("address", "created_at", "updated_at") VALUES (?, ?, ?)[0m  [["address", "18cBEMRxXHqzWWCxZNtU91F5sbUNKhL5PX"], ["created_at", "2020-07-02 00:12:11.331738"], ["updated_at", "2020-07-02 00:12:11.331738"]]
  [1m[35m (10.3ms)[0m  [1m[36mcommit transaction[0m
  [1m[35m (3.1ms)[0m  [1m[34mSELECT sqlite_version(*)[0m
  [1m[35m (0.0ms)[0m  [1m[36mbegin transaction[0m
  [1m[36mBitcoinWallet Create (1.1ms)[0m  [1m[32mINSERT INTO "bitcoin_wallets" ("address", "created_at", "updated_at") VALUES (?, ?, ?)[0m  [["address", "18cBEMRxXHqzWWCxZNtU91F5sbUNKhL5PX"], ["created_at", "2020-07-02 00:13:16.974376"], ["updated_at", "2020-07-02 00:13:16.974376"]]
  [1m[35m (10.2ms)[0m  [1m[36mcommit transaction[0m
  [1m[35m (3.1ms)[0m  [1m[34mSELECT sqlite_version(*)[0m
  [1m[35m (0.1ms)[0m  [1m[36mbegin transaction[0m
  [1m[36mBitcoinWallet Create (1.2ms)[0m  [1m[32mINSERT INTO "bitcoin_wallets" ("address", "created_at", "updated_at") VALUES (?, ?, ?)[0m  [["address", "18cBEMRxXHqzWWCxZNtU91F5sbUNKhL5PX"], ["created_at", "2020-07-02 00:13:49.027876"], ["updated_at", "2020-07-02 00:13:49.027876"]]
  [1m[35m (10.6ms)[0m  [1m[36mcommit transaction[0m
  [1m[35m (0.1ms)[0m  [1m[36mbegin transaction[0m
  [1m[36mBitcoinWallet Update (1.1ms)[0m  [1m[33mUPDATE "bitcoin_wallets" SET "balance" = ?, "updated_at" = ? WHERE "bitcoin_wallets"."id" = ?[0m  [["balance", "15951241317"], ["updated_at", "2020-07-02 00:13:52.688060"], ["id", 6]]
  [1m[35m (9.8ms)[0m  [1m[36mcommit transaction[0m
  [1m[35m (3.2ms)[0m  [1m[34mSELECT sqlite_version(*)[0m
  [1m[35m (0.0ms)[0m  [1m[36mbegin transaction[0m
  [1m[36mBitcoinWallet Create (1.2ms)[0m  [1m[32mINSERT INTO "bitcoin_wallets" ("address", "created_at", "updated_at") VALUES (?, ?, ?)[0m  [["address", "18cBEMRxXHqzWWCxZNtU91F5sbUNKhL5PX"], ["created_at", "2020-07-02 00:20:36.278626"], ["updated_at", "2020-07-02 00:20:36.278626"]]
  [1m[35m (12.8ms)[0m  [1m[36mcommit transaction[0m
  [1m[35m (0.1ms)[0m  [1m[36mbegin transaction[0m
  [1m[36mBitcoinWallet Update (0.8ms)[0m  [1m[33mUPDATE "bitcoin_wallets" SET "balance" = ?, "updated_at" = ? WHERE "bitcoin_wallets"."id" = ?[0m  [["balance", "15951241317"], ["updated_at", "2020-07-02 00:20:41.287459"], ["id", 7]]
  [1m[35m (11.2ms)[0m  [1m[36mcommit transaction[0m
  [1m[35m (3.5ms)[0m  [1m[34mSELECT sqlite_version(*)[0m
  [1m[35m (0.1ms)[0m  [1m[36mbegin transaction[0m
  [1m[36mBitcoinWallet Create (1.0ms)[0m  [1m[32mINSERT INTO "bitcoin_wallets" ("address", "created_at", "updated_at") VALUES (?, ?, ?)[0m  [["address", "18cBEMRxXHqzWWCxZNtU91F5sbUNKhL5PX"], ["created_at", "2020-07-02 00:21:39.938390"], ["updated_at", "2020-07-02 00:21:39.938390"]]
  [1m[35m (11.0ms)[0m  [1m[36mcommit transaction[0m
  [1m[35m (0.1ms)[0m  [1m[36mbegin transaction[0m
  [1m[36mBitcoinWallet Update (0.8ms)[0m  [1m[33mUPDATE "bitcoin_wallets" SET "balance" = ?, "updated_at" = ? WHERE "bitcoin_wallets"."id" = ?[0m  [["balance", "15951241317"], ["updated_at", "2020-07-02 00:21:42.082922"], ["id", 8]]
  [1m[35m (11.4ms)[0m  [1m[36mcommit transaction[0m
  [1m[35m (3.1ms)[0m  [1m[34mSELECT sqlite_version(*)[0m
  [1m[35m (0.1ms)[0m  [1m[36mbegin transaction[0m
  [1m[36mBitcoinWallet Create (1.3ms)[0m  [1m[32mINSERT INTO "bitcoin_wallets" ("address", "created_at", "updated_at") VALUES (?, ?, ?)[0m  [["address", "18cBEMRxXHqzWWCxZNtU91F5sbUNKhL5PX"], ["created_at", "2020-07-02 00:33:05.398419"], ["updated_at", "2020-07-02 00:33:05.398419"]]
  [1m[35m (11.5ms)[0m  [1m[36mcommit transaction[0m
  [1m[35m (3.6ms)[0m  [1m[34mSELECT sqlite_version(*)[0m
  [1m[35m (0.1ms)[0m  [1m[36mbegin transaction[0m
  [1m[36mBitcoinWallet Create (1.3ms)[0m  [1m[32mINSERT INTO "bitcoin_wallets" ("address", "created_at", "updated_at") VALUES (?, ?, ?)[0m  [["address", "18cBEMRxXHqzWWCxZNtU91F5sbUNKhL5PX"], ["created_at", "2020-07-02 00:34:10.437055"], ["updated_at", "2020-07-02 00:34:10.437055"]]
  [1m[35m (10.0ms)[0m  [1m[36mcommit transaction[0m
  [1m[35m (0.1ms)[0m  [1m[36mbegin transaction[0m
  [1m[36mBitcoinWallet Update (0.8ms)[0m  [1m[33mUPDATE "bitcoin_wallets" SET "balance" = ?, "updated_at" = ? WHERE "bitcoin_wallets"."id" = ?[0m  [["balance", "15951241317"], ["updated_at", "2020-07-02 00:34:14.743699"], ["id", 10]]
  [1m[35m (81.7ms)[0m  [1m[36mcommit transaction[0m
  [1m[35m (3.6ms)[0m  [1m[34mSELECT sqlite_version(*)[0m
  [1m[35m (0.2ms)[0m  [1m[34mSELECT "schema_migrations"."version" FROM "schema_migrations" ORDER BY "schema_migrations"."version" ASC[0m
  [1m[35m (0.3ms)[0m  [1m[34mSELECT "ar_internal_metadata"."value" FROM "ar_internal_metadata" WHERE "ar_internal_metadata"."key" = ?[0m  [["key", "environment"]]
  [1m[35m (0.1ms)[0m  [1m[34mSELECT "schema_migrations"."version" FROM "schema_migrations" ORDER BY "schema_migrations"."version" ASC[0m
  [1m[35m (0.1ms)[0m  [1m[34mSELECT "ar_internal_metadata"."value" FROM "ar_internal_metadata" WHERE "ar_internal_metadata"."key" = ?[0m  [["key", "environment"]]
  [1m[35m (0.1ms)[0m  [1m[34mSELECT "schema_migrations"."version" FROM "schema_migrations" ORDER BY "schema_migrations"."version" ASC[0m
  [1m[35m (0.1ms)[0m  [1m[34mSELECT "ar_internal_metadata"."value" FROM "ar_internal_metadata" WHERE "ar_internal_metadata"."key" = ?[0m  [["key", "environment"]]
  [1m[35m (0.1ms)[0m  [1m[34mSELECT sqlite_version(*)[0m
  [1m[35m (0.2ms)[0m  [1m[34mSELECT sqlite_version(*)[0m
  [1m[35m (0.1ms)[0m  [1m[34mSELECT sqlite_version(*)[0m
  [1m[35m (6.5ms)[0m  [1m[35mCREATE TABLE "schema_migrations" ("version" varchar NOT NULL PRIMARY KEY)[0m
  [1m[35m (9.7ms)[0m  [1m[35mCREATE TABLE "ar_internal_metadata" ("key" varchar NOT NULL PRIMARY KEY, "value" varchar, "created_at" datetime(6) NOT NULL, "updated_at" datetime(6) NOT NULL)[0m
  [1m[35m (0.2ms)[0m  [1m[34mSELECT "schema_migrations"."version" FROM "schema_migrations" ORDER BY "schema_migrations"."version" ASC[0m
Migrating to CreateBitcoinWallets (20200701181335)
  [1m[35m (0.1ms)[0m  [1m[36mbegin transaction[0m
  [1m[35m (1.3ms)[0m  [1m[35mCREATE TABLE "bitcoin_wallets" ("id" integer PRIMARY KEY AUTOINCREMENT NOT NULL, "address" varchar, "balance" varchar, "synced_at" datetime, "created_at" datetime(6) NOT NULL, "updated_at" datetime(6) NOT NULL)[0m
  [1m[36mprimary::SchemaMigration Create (0.1ms)[0m  [1m[32mINSERT INTO "schema_migrations" ("version") VALUES (?)[0m  [["version", "20200701181335"]]
  [1m[35m (8.6ms)[0m  [1m[36mcommit transaction[0m
  [1m[36mActiveRecord::InternalMetadata Load (0.4ms)[0m  [1m[34mSELECT "ar_internal_metadata".* FROM "ar_internal_metadata" WHERE "ar_internal_metadata"."key" = ? LIMIT ?[0m  [["key", "environment"], ["LIMIT", 1]]
  [1m[35m (0.0ms)[0m  [1m[36mbegin transaction[0m
  [1m[36mActiveRecord::InternalMetadata Create (0.9ms)[0m  [1m[32mINSERT INTO "ar_internal_metadata" ("key", "value", "created_at", "updated_at") VALUES (?, ?, ?, ?)[0m  [["key", "environment"], ["value", "development"], ["created_at", "2020-07-02 00:35:09.536632"], ["updated_at", "2020-07-02 00:35:09.536632"]]
  [1m[35m (5.4ms)[0m  [1m[36mcommit transaction[0m
  [1m[35m (0.1ms)[0m  [1m[34mSELECT sqlite_version(*)[0m
  [1m[35m (0.2ms)[0m  [1m[34mSELECT "schema_migrations"."version" FROM "schema_migrations" ORDER BY "schema_migrations"."version" ASC[0m
  [1m[35m (3.8ms)[0m  [1m[34mSELECT sqlite_version(*)[0m
  [1m[35m (0.1ms)[0m  [1m[36mbegin transaction[0m
  [1m[36mBitcoinWallet Create (1.5ms)[0m  [1m[32mINSERT INTO "bitcoin_wallets" ("address", "created_at", "updated_at") VALUES (?, ?, ?)[0m  [["address", "18cBEMRxXHqzWWCxZNtU91F5sbUNKhL5PX"], ["created_at", "2020-07-02 00:35:43.683686"], ["updated_at", "2020-07-02 00:35:43.683686"]]
  [1m[35m (78.2ms)[0m  [1m[36mcommit transaction[0m
  [1m[35m (0.1ms)[0m  [1m[36mbegin transaction[0m
  [1m[36mBitcoinWallet Update (1.0ms)[0m  [1m[33mUPDATE "bitcoin_wallets" SET "balance" = ?, "updated_at" = ? WHERE "bitcoin_wallets"."id" = ?[0m  [["balance", "15951241317"], ["updated_at", "2020-07-02 00:35:46.782104"], ["id", 1]]
  [1m[35m (10.3ms)[0m  [1m[36mcommit transaction[0m
  [1m[35m (3.1ms)[0m  [1m[34mSELECT sqlite_version(*)[0m
  [1m[35m (0.1ms)[0m  [1m[36mbegin transaction[0m
  [1m[36mBitcoinWallet Create (1.2ms)[0m  [1m[32mINSERT INTO "bitcoin_wallets" ("address", "created_at", "updated_at") VALUES (?, ?, ?)[0m  [["address", "18cBEMRxXHqzWWCxZNtU91F5sbUNKhL5PX"], ["created_at", "2020-07-02 00:37:55.302050"], ["updated_at", "2020-07-02 00:37:55.302050"]]
  [1m[35m (11.8ms)[0m  [1m[36mcommit transaction[0m
  [1m[35m (3.1ms)[0m  [1m[34mSELECT sqlite_version(*)[0m
  [1m[35m (0.1ms)[0m  [1m[36mbegin transaction[0m
  [1m[36mBitcoinWallet Create (1.2ms)[0m  [1m[32mINSERT INTO "bitcoin_wallets" ("address", "created_at", "updated_at") VALUES (?, ?, ?)[0m  [["address", "18cBEMRxXHqzWWCxZNtU91F5sbUNKhL5PX"], ["created_at", "2020-07-02 00:38:49.612812"], ["updated_at", "2020-07-02 00:38:49.612812"]]
  [1m[35m (11.9ms)[0m  [1m[36mcommit transaction[0m
  [1m[35m (0.1ms)[0m  [1m[36mbegin transaction[0m
  [1m[36mBitcoinWallet Update (0.8ms)[0m  [1m[33mUPDATE "bitcoin_wallets" SET "balance" = ?, "updated_at" = ? WHERE "bitcoin_wallets"."id" = ?[0m  [["balance", "15951241317"], ["updated_at", "2020-07-02 00:38:51.975179"], ["id", 3]]
  [1m[35m (9.5ms)[0m  [1m[36mcommit transaction[0m
  [1m[35m (3.2ms)[0m  [1m[34mSELECT sqlite_version(*)[0m
  [1m[35m (0.1ms)[0m  [1m[36mbegin transaction[0m
  [1m[36mBitcoinWallet Create (1.2ms)[0m  [1m[32mINSERT INTO "bitcoin_wallets" ("address", "created_at", "updated_at") VALUES (?, ?, ?)[0m  [["address", "18cBEMRxXHqzWWCxZNtU91F5sbUNKhL5PX"], ["created_at", "2020-07-02 00:40:15.502447"], ["updated_at", "2020-07-02 00:40:15.502447"]]
  [1m[35m (10.1ms)[0m  [1m[36mcommit transaction[0m
  [1m[35m (3.4ms)[0m  [1m[34mSELECT sqlite_version(*)[0m
  [1m[35m (0.1ms)[0m  [1m[36mbegin transaction[0m
  [1m[36mBitcoinWallet Create (1.3ms)[0m  [1m[32mINSERT INTO "bitcoin_wallets" ("address", "created_at", "updated_at") VALUES (?, ?, ?)[0m  [["address", "18cBEMRxXHqzWWCxZNtU91F5sbUNKhL5PX"], ["created_at", "2020-07-02 00:49:48.404750"], ["updated_at", "2020-07-02 00:49:48.404750"]]
  [1m[35m (11.4ms)[0m  [1m[36mcommit transaction[0m
  [1m[35m (0.1ms)[0m  [1m[36mbegin transaction[0m
  [1m[36mBitcoinWallet Update (0.9ms)[0m  [1m[33mUPDATE "bitcoin_wallets" SET "balance" = ?, "updated_at" = ? WHERE "bitcoin_wallets"."id" = ?[0m  [["balance", "15951241317"], ["updated_at", "2020-07-02 00:49:51.200154"], ["id", 5]]
  [1m[35m (10.2ms)[0m  [1m[36mcommit transaction[0m
  [1m[35m (3.2ms)[0m  [1m[34mSELECT sqlite_version(*)[0m
  [1m[35m (0.1ms)[0m  [1m[36mbegin transaction[0m
  [1m[36mBitcoinWallet Create (1.4ms)[0m  [1m[32mINSERT INTO "bitcoin_wallets" ("address", "created_at", "updated_at") VALUES (?, ?, ?)[0m  [["address", "18cBEMRxXHqzWWCxZNtU91F5sbUNKhL5PX"], ["created_at", "2020-07-02 00:52:56.772666"], ["updated_at", "2020-07-02 00:52:56.772666"]]
  [1m[35m (11.5ms)[0m  [1m[36mcommit transaction[0m
  [1m[35m (3.6ms)[0m  [1m[34mSELECT sqlite_version(*)[0m
  [1m[35m (0.1ms)[0m  [1m[36mbegin transaction[0m
  [1m[36mBitcoinWallet Create (1.3ms)[0m  [1m[32mINSERT INTO "bitcoin_wallets" ("address", "created_at", "updated_at") VALUES (?, ?, ?)[0m  [["address", "18cBEMRxXHqzWWCxZNtU91F5sbUNKhL5PX"], ["created_at", "2020-07-02 00:53:23.671926"], ["updated_at", "2020-07-02 00:53:23.671926"]]
  [1m[35m (9.5ms)[0m  [1m[36mcommit transaction[0m
  [1m[35m (0.1ms)[0m  [1m[36mbegin transaction[0m
  [1m[36mBitcoinWallet Update (1.1ms)[0m  [1m[33mUPDATE "bitcoin_wallets" SET "balance" = ?, "updated_at" = ? WHERE "bitcoin_wallets"."id" = ?[0m  [["balance", "15951241317"], ["updated_at", "2020-07-02 00:53:26.377620"], ["id", 7]]
  [1m[35m (8.6ms)[0m  [1m[36mcommit transaction[0m
  [1m[35m (0.0ms)[0m  [1m[36mbegin transaction[0m
  [1m[36mBitcoinWallet Create (0.8ms)[0m  [1m[32mINSERT INTO "bitcoin_wallets" ("address", "created_at", "updated_at") VALUES (?, ?, ?)[0m  [["address", "18cBEMRxXHqzWWCxZNtU91F5sbUNKhL5PX"], ["created_at", "2020-07-02 00:53:28.645981"], ["updated_at", "2020-07-02 00:53:28.645981"]]
  [1m[35m (3.2ms)[0m  [1m[36mcommit transaction[0m
  [1m[35m (0.2ms)[0m  [1m[36mbegin transaction[0m
  [1m[36mBitcoinWallet Update (2.7ms)[0m  [1m[33mUPDATE "bitcoin_wallets" SET "balance" = ?, "updated_at" = ? WHERE "bitcoin_wallets"."id" = ?[0m  [["balance", "15951241317"], ["updated_at", "2020-07-02 00:53:32.395545"], ["id", 8]]
  [1m[35m (13.4ms)[0m  [1m[36mcommit transaction[0m
  [1m[35m (3.9ms)[0m  [1m[34mSELECT sqlite_version(*)[0m
  [1m[35m (0.1ms)[0m  [1m[36mbegin transaction[0m
  [1m[36mBitcoinWallet Create (1.7ms)[0m  [1m[32mINSERT INTO "bitcoin_wallets" ("address", "created_at", "updated_at") VALUES (?, ?, ?)[0m  [["address", "18cBEMRxXHqzWWCxZNtU91F5sbUNKhL5PX"], ["created_at", "2020-07-02 01:00:00.595121"], ["updated_at", "2020-07-02 01:00:00.595121"]]
  [1m[35m (11.4ms)[0m  [1m[36mcommit transaction[0m
  [1m[35m (0.1ms)[0m  [1m[36mbegin transaction[0m
  [1m[36mBitcoinWallet Update (0.9ms)[0m  [1m[33mUPDATE "bitcoin_wallets" SET "balance" = ?, "updated_at" = ? WHERE "bitcoin_wallets"."id" = ?[0m  [["balance", "15951241317"], ["updated_at", "2020-07-02 01:00:02.749805"], ["id", 9]]
  [1m[35m (29.7ms)[0m  [1m[36mcommit transaction[0m
  [1m[35m (3.7ms)[0m  [1m[34mSELECT sqlite_version(*)[0m
  [1m[35m (0.4ms)[0m  [1m[34mSELECT "schema_migrations"."version" FROM "schema_migrations" ORDER BY "schema_migrations"."version" ASC[0m
  [1m[35m (0.3ms)[0m  [1m[34mSELECT "ar_internal_metadata"."value" FROM "ar_internal_metadata" WHERE "ar_internal_metadata"."key" = ?[0m  [["key", "environment"]]
  [1m[35m (0.1ms)[0m  [1m[34mSELECT "schema_migrations"."version" FROM "schema_migrations" ORDER BY "schema_migrations"."version" ASC[0m
  [1m[35m (0.2ms)[0m  [1m[34mSELECT "ar_internal_metadata"."value" FROM "ar_internal_metadata" WHERE "ar_internal_metadata"."key" = ?[0m  [["key", "environment"]]
  [1m[35m (0.1ms)[0m  [1m[34mSELECT "schema_migrations"."version" FROM "schema_migrations" ORDER BY "schema_migrations"."version" ASC[0m
  [1m[35m (0.1ms)[0m  [1m[34mSELECT "ar_internal_metadata"."value" FROM "ar_internal_metadata" WHERE "ar_internal_metadata"."key" = ?[0m  [["key", "environment"]]
  [1m[35m (0.1ms)[0m  [1m[34mSELECT sqlite_version(*)[0m
  [1m[35m (0.1ms)[0m  [1m[34mSELECT sqlite_version(*)[0m
  [1m[35m (0.1ms)[0m  [1m[34mSELECT sqlite_version(*)[0m
  [1m[35m (48.0ms)[0m  [1m[35mCREATE TABLE "schema_migrations" ("version" varchar NOT NULL PRIMARY KEY)[0m
  [1m[35m (19.3ms)[0m  [1m[35mCREATE TABLE "ar_internal_metadata" ("key" varchar NOT NULL PRIMARY KEY, "value" varchar, "created_at" datetime(6) NOT NULL, "updated_at" datetime(6) NOT NULL)[0m
  [1m[35m (0.4ms)[0m  [1m[34mSELECT "schema_migrations"."version" FROM "schema_migrations" ORDER BY "schema_migrations"."version" ASC[0m
Migrating to CreateBitcoinWallets (20200701181335)
  [1m[35m (0.1ms)[0m  [1m[36mbegin transaction[0m
  [1m[35m (1.1ms)[0m  [1m[35mCREATE TABLE "bitcoin_wallets" ("id" integer PRIMARY KEY AUTOINCREMENT NOT NULL, "address" varchar, "balance" varchar, "synced_at" datetime, "created_at" datetime(6) NOT NULL, "updated_at" datetime(6) NOT NULL)[0m
  [1m[36mprimary::SchemaMigration Create (0.1ms)[0m  [1m[32mINSERT INTO "schema_migrations" ("version") VALUES (?)[0m  [["version", "20200701181335"]]
  [1m[35m (70.7ms)[0m  [1m[36mcommit transaction[0m
  [1m[36mActiveRecord::InternalMetadata Load (0.4ms)[0m  [1m[34mSELECT "ar_internal_metadata".* FROM "ar_internal_metadata" WHERE "ar_internal_metadata"."key" = ? LIMIT ?[0m  [["key", "environment"], ["LIMIT", 1]]
  [1m[35m (0.0ms)[0m  [1m[36mbegin transaction[0m
  [1m[36mActiveRecord::InternalMetadata Create (1.1ms)[0m  [1m[32mINSERT INTO "ar_internal_metadata" ("key", "value", "created_at", "updated_at") VALUES (?, ?, ?, ?)[0m  [["key", "environment"], ["value", "development"], ["created_at", "2020-07-02 01:02:56.460049"], ["updated_at", "2020-07-02 01:02:56.460049"]]
  [1m[35m (9.5ms)[0m  [1m[36mcommit transaction[0m
  [1m[35m (0.0ms)[0m  [1m[34mSELECT sqlite_version(*)[0m
  [1m[35m (0.2ms)[0m  [1m[34mSELECT "schema_migrations"."version" FROM "schema_migrations" ORDER BY "schema_migrations"."version" ASC[0m
  [1m[35m (5.5ms)[0m  [1m[34mSELECT sqlite_version(*)[0m
  [1m[35m (0.1ms)[0m  [1m[36mbegin transaction[0m
  [1m[36mBitcoinWallet Create (1.2ms)[0m  [1m[32mINSERT INTO "bitcoin_wallets" ("address", "created_at", "updated_at") VALUES (?, ?, ?)[0m  [["address", "18cBEMRxXHqzWWCxZNtU91F5sbUNKhL5PX"], ["created_at", "2020-07-02 01:03:06.124724"], ["updated_at", "2020-07-02 01:03:06.124724"]]
  [1m[35m (50.2ms)[0m  [1m[36mcommit transaction[0m
  [1m[35m (3.7ms)[0m  [1m[34mSELECT sqlite_version(*)[0m
  [1m[35m (0.0ms)[0m  [1m[36mbegin transaction[0m
  [1m[36mBitcoinWallet Create (1.2ms)[0m  [1m[32mINSERT INTO "bitcoin_wallets" ("address", "created_at", "updated_at") VALUES (?, ?, ?)[0m  [["address", "18cBEMRxXHqzWWCxZNtU91F5sbUNKhL5PX"], ["created_at", "2020-07-02 01:06:37.344235"], ["updated_at", "2020-07-02 01:06:37.344235"]]
  [1m[35m (11.2ms)[0m  [1m[36mcommit transaction[0m
  [1m[35m (3.2ms)[0m  [1m[34mSELECT sqlite_version(*)[0m
  [1m[35m (0.1ms)[0m  [1m[36mbegin transaction[0m
  [1m[36mBitcoinWallet Create (1.9ms)[0m  [1m[32mINSERT INTO "bitcoin_wallets" ("address", "created_at", "updated_at") VALUES (?, ?, ?)[0m  [["address", "18cBEMRxXHqzWWCxZNtU91F5sbUNKhL5PX"], ["created_at", "2020-07-02 01:09:47.829162"], ["updated_at", "2020-07-02 01:09:47.829162"]]
  [1m[35m (10.2ms)[0m  [1m[36mcommit transaction[0m
  [1m[35m (3.2ms)[0m  [1m[34mSELECT sqlite_version(*)[0m
  [1m[35m (0.1ms)[0m  [1m[36mbegin transaction[0m
  [1m[36mBitcoinWallet Create (1.3ms)[0m  [1m[32mINSERT INTO "bitcoin_wallets" ("address", "created_at", "updated_at") VALUES (?, ?, ?)[0m  [["address", "18cBEMRxXHqzWWCxZNtU91F5sbUNKhL5PX"], ["created_at", "2020-07-02 01:10:04.448745"], ["updated_at", "2020-07-02 01:10:04.448745"]]
  [1m[35m (10.5ms)[0m  [1m[36mcommit transaction[0m
  [1m[35m (0.1ms)[0m  [1m[36mbegin transaction[0m
  [1m[36mBitcoinWallet Update (0.8ms)[0m  [1m[33mUPDATE "bitcoin_wallets" SET "balance" = ?, "updated_at" = ? WHERE "bitcoin_wallets"."id" = ?[0m  [["balance", "1595.12413170"], ["updated_at", "2020-07-02 01:10:06.806273"], ["id", 4]]
  [1m[35m (10.4ms)[0m  [1m[36mcommit transaction[0m
  [1m[35m (3.3ms)[0m  [1m[34mSELECT sqlite_version(*)[0m
  [1m[35m (0.2ms)[0m  [1m[34mSELECT "schema_migrations"."version" FROM "schema_migrations" ORDER BY "schema_migrations"."version" ASC[0m
  [1m[35m (0.2ms)[0m  [1m[34mSELECT "ar_internal_metadata"."value" FROM "ar_internal_metadata" WHERE "ar_internal_metadata"."key" = ?[0m  [["key", "environment"]]
  [1m[35m (0.1ms)[0m  [1m[34mSELECT "schema_migrations"."version" FROM "schema_migrations" ORDER BY "schema_migrations"."version" ASC[0m
  [1m[35m (0.1ms)[0m  [1m[34mSELECT "ar_internal_metadata"."value" FROM "ar_internal_metadata" WHERE "ar_internal_metadata"."key" = ?[0m  [["key", "environment"]]
  [1m[35m (0.2ms)[0m  [1m[34mSELECT "schema_migrations"."version" FROM "schema_migrations" ORDER BY "schema_migrations"."version" ASC[0m
  [1m[35m (0.1ms)[0m  [1m[34mSELECT "ar_internal_metadata"."value" FROM "ar_internal_metadata" WHERE "ar_internal_metadata"."key" = ?[0m  [["key", "environment"]]
  [1m[35m (0.1ms)[0m  [1m[34mSELECT sqlite_version(*)[0m
  [1m[35m (0.1ms)[0m  [1m[34mSELECT sqlite_version(*)[0m
  [1m[35m (0.1ms)[0m  [1m[34mSELECT sqlite_version(*)[0m
  [1m[35m (6.1ms)[0m  [1m[35mCREATE TABLE "schema_migrations" ("version" varchar NOT NULL PRIMARY KEY)[0m
  [1m[35m (6.0ms)[0m  [1m[35mCREATE TABLE "ar_internal_metadata" ("key" varchar NOT NULL PRIMARY KEY, "value" varchar, "created_at" datetime(6) NOT NULL, "updated_at" datetime(6) NOT NULL)[0m
  [1m[35m (0.2ms)[0m  [1m[34mSELECT "schema_migrations"."version" FROM "schema_migrations" ORDER BY "schema_migrations"."version" ASC[0m
Migrating to CreateBitcoinWallets (20200701181335)
  [1m[35m (0.1ms)[0m  [1m[36mbegin transaction[0m
  [1m[35m (0.9ms)[0m  [1m[35mCREATE TABLE "bitcoin_wallets" ("id" integer PRIMARY KEY AUTOINCREMENT NOT NULL, "address" varchar, "balance" varchar, "synced_at" datetime, "created_at" datetime(6) NOT NULL, "updated_at" datetime(6) NOT NULL)[0m
  [1m[36mprimary::SchemaMigration Create (0.3ms)[0m  [1m[32mINSERT INTO "schema_migrations" ("version") VALUES (?)[0m  [["version", "20200701181335"]]
  [1m[35m (7.9ms)[0m  [1m[36mcommit transaction[0m
  [1m[36mActiveRecord::InternalMetadata Load (0.2ms)[0m  [1m[34mSELECT "ar_internal_metadata".* FROM "ar_internal_metadata" WHERE "ar_internal_metadata"."key" = ? LIMIT ?[0m  [["key", "environment"], ["LIMIT", 1]]
  [1m[35m (0.1ms)[0m  [1m[36mbegin transaction[0m
  [1m[36mActiveRecord::InternalMetadata Create (1.1ms)[0m  [1m[32mINSERT INTO "ar_internal_metadata" ("key", "value", "created_at", "updated_at") VALUES (?, ?, ?, ?)[0m  [["key", "environment"], ["value", "development"], ["created_at", "2020-07-02 01:11:48.995158"], ["updated_at", "2020-07-02 01:11:48.995158"]]
  [1m[35m (4.5ms)[0m  [1m[36mcommit transaction[0m
  [1m[35m (0.1ms)[0m  [1m[34mSELECT sqlite_version(*)[0m
  [1m[35m (0.4ms)[0m  [1m[34mSELECT "schema_migrations"."version" FROM "schema_migrations" ORDER BY "schema_migrations"."version" ASC[0m
  [1m[35m (3.1ms)[0m  [1m[34mSELECT sqlite_version(*)[0m
  [1m[35m (0.1ms)[0m  [1m[36mbegin transaction[0m
  [1m[36mBitcoinWallet Create (1.1ms)[0m  [1m[32mINSERT INTO "bitcoin_wallets" ("address", "created_at", "updated_at") VALUES (?, ?, ?)[0m  [["address", "18cBEMRxXHqzWWCxZNtU91F5sbUNKhL5PX"], ["created_at", "2020-07-02 01:12:37.184239"], ["updated_at", "2020-07-02 01:12:37.184239"]]
  [1m[35m (13.8ms)[0m  [1m[36mcommit transaction[0m
  [1m[35m (3.2ms)[0m  [1m[34mSELECT sqlite_version(*)[0m
  [1m[35m (0.1ms)[0m  [1m[36mbegin transaction[0m
  [1m[36mBitcoinWallet Create (1.4ms)[0m  [1m[32mINSERT INTO "bitcoin_wallets" ("address", "created_at", "updated_at") VALUES (?, ?, ?)[0m  [["address", "18cBEMRxXHqzWWCxZNtU91F5sbUNKhL5PX"], ["created_at", "2020-07-02 01:15:01.373412"], ["updated_at", "2020-07-02 01:15:01.373412"]]
  [1m[35m (10.0ms)[0m  [1m[36mcommit transaction[0m
  [1m[35m (3.3ms)[0m  [1m[34mSELECT sqlite_version(*)[0m
  [1m[35m (0.2ms)[0m  [1m[34mSELECT "schema_migrations"."version" FROM "schema_migrations" ORDER BY "schema_migrations"."version" ASC[0m
  [1m[35m (0.2ms)[0m  [1m[34mSELECT "ar_internal_metadata"."value" FROM "ar_internal_metadata" WHERE "ar_internal_metadata"."key" = ?[0m  [["key", "environment"]]
  [1m[35m (0.1ms)[0m  [1m[34mSELECT "schema_migrations"."version" FROM "schema_migrations" ORDER BY "schema_migrations"."version" ASC[0m
  [1m[35m (0.1ms)[0m  [1m[34mSELECT "ar_internal_metadata"."value" FROM "ar_internal_metadata" WHERE "ar_internal_metadata"."key" = ?[0m  [["key", "environment"]]
  [1m[35m (0.1ms)[0m  [1m[34mSELECT "schema_migrations"."version" FROM "schema_migrations" ORDER BY "schema_migrations"."version" ASC[0m
  [1m[35m (0.1ms)[0m  [1m[34mSELECT "ar_internal_metadata"."value" FROM "ar_internal_metadata" WHERE "ar_internal_metadata"."key" = ?[0m  [["key", "environment"]]
  [1m[35m (0.1ms)[0m  [1m[34mSELECT sqlite_version(*)[0m
  [1m[35m (0.1ms)[0m  [1m[34mSELECT sqlite_version(*)[0m
  [1m[35m (0.1ms)[0m  [1m[34mSELECT sqlite_version(*)[0m
  [1m[35m (5.3ms)[0m  [1m[35mCREATE TABLE "schema_migrations" ("version" varchar NOT NULL PRIMARY KEY)[0m
  [1m[35m (5.4ms)[0m  [1m[35mCREATE TABLE "ar_internal_metadata" ("key" varchar NOT NULL PRIMARY KEY, "value" varchar, "created_at" datetime(6) NOT NULL, "updated_at" datetime(6) NOT NULL)[0m
  [1m[35m (0.1ms)[0m  [1m[34mSELECT "schema_migrations"."version" FROM "schema_migrations" ORDER BY "schema_migrations"."version" ASC[0m
Migrating to CreateBitcoinWallets (20200701181335)
  [1m[35m (0.1ms)[0m  [1m[36mbegin transaction[0m
  [1m[35m (0.8ms)[0m  [1m[35mCREATE TABLE "bitcoin_wallets" ("id" integer PRIMARY KEY AUTOINCREMENT NOT NULL, "address" varchar, "balance" varchar, "synced_at" datetime, "created_at" datetime(6) NOT NULL, "updated_at" datetime(6) NOT NULL)[0m
  [1m[36mprimary::SchemaMigration Create (0.2ms)[0m  [1m[32mINSERT INTO "schema_migrations" ("version") VALUES (?)[0m  [["version", "20200701181335"]]
  [1m[35m (7.7ms)[0m  [1m[36mcommit transaction[0m
  [1m[36mActiveRecord::InternalMetadata Load (0.4ms)[0m  [1m[34mSELECT "ar_internal_metadata".* FROM "ar_internal_metadata" WHERE "ar_internal_metadata"."key" = ? LIMIT ?[0m  [["key", "environment"], ["LIMIT", 1]]
  [1m[35m (0.1ms)[0m  [1m[36mbegin transaction[0m
  [1m[36mActiveRecord::InternalMetadata Create (1.2ms)[0m  [1m[32mINSERT INTO "ar_internal_metadata" ("key", "value", "created_at", "updated_at") VALUES (?, ?, ?, ?)[0m  [["key", "environment"], ["value", "development"], ["created_at", "2020-07-02 01:33:13.231055"], ["updated_at", "2020-07-02 01:33:13.231055"]]
  [1m[35m (5.2ms)[0m  [1m[36mcommit transaction[0m
  [1m[35m (0.0ms)[0m  [1m[34mSELECT sqlite_version(*)[0m
  [1m[35m (0.2ms)[0m  [1m[34mSELECT "schema_migrations"."version" FROM "schema_migrations" ORDER BY "schema_migrations"."version" ASC[0m
  [1m[35m (3.1ms)[0m  [1m[34mSELECT sqlite_version(*)[0m
  [1m[35m (0.1ms)[0m  [1m[36mbegin transaction[0m
  [1m[36mBitcoinWallet Create (1.3ms)[0m  [1m[32mINSERT INTO "bitcoin_wallets" ("address", "created_at", "updated_at") VALUES (?, ?, ?)[0m  [["address", "18cBEMRxXHqzWWCxZNtU91F5sbUNKhL5PX"], ["created_at", "2020-07-02 01:33:35.482730"], ["updated_at", "2020-07-02 01:33:35.482730"]]
  [1m[35m (11.0ms)[0m  [1m[36mcommit transaction[0m
  [1m[35m (0.1ms)[0m  [1m[36mbegin transaction[0m
  [1m[36mBitcoinWallet Update (0.8ms)[0m  [1m[33mUPDATE "bitcoin_wallets" SET "balance" = ?, "synced_at" = ?, "updated_at" = ? WHERE "bitcoin_wallets"."id" = ?[0m  [["balance", "1595.12413170"], ["synced_at", "2020-07-02 01:33:37.894451"], ["updated_at", "2020-07-02 01:33:37.895128"], ["id", 1]]
  [1m[35m (10.4ms)[0m  [1m[36mcommit transaction[0m
  [1m[35m (3.2ms)[0m  [1m[34mSELECT sqlite_version(*)[0m
  [1m[35m (0.2ms)[0m  [1m[34mSELECT "schema_migrations"."version" FROM "schema_migrations" ORDER BY "schema_migrations"."version" ASC[0m
  [1m[35m (0.2ms)[0m  [1m[34mSELECT "ar_internal_metadata"."value" FROM "ar_internal_metadata" WHERE "ar_internal_metadata"."key" = ?[0m  [["key", "environment"]]
  [1m[35m (0.1ms)[0m  [1m[34mSELECT "schema_migrations"."version" FROM "schema_migrations" ORDER BY "schema_migrations"."version" ASC[0m
  [1m[35m (0.2ms)[0m  [1m[34mSELECT "ar_internal_metadata"."value" FROM "ar_internal_metadata" WHERE "ar_internal_metadata"."key" = ?[0m  [["key", "environment"]]
  [1m[35m (0.1ms)[0m  [1m[34mSELECT "schema_migrations"."version" FROM "schema_migrations" ORDER BY "schema_migrations"."version" ASC[0m
  [1m[35m (0.1ms)[0m  [1m[34mSELECT "ar_internal_metadata"."value" FROM "ar_internal_metadata" WHERE "ar_internal_metadata"."key" = ?[0m  [["key", "environment"]]
  [1m[35m (0.1ms)[0m  [1m[34mSELECT sqlite_version(*)[0m
  [1m[35m (0.1ms)[0m  [1m[34mSELECT sqlite_version(*)[0m
  [1m[35m (0.1ms)[0m  [1m[34mSELECT sqlite_version(*)[0m
  [1m[35m (25.6ms)[0m  [1m[35mCREATE TABLE "schema_migrations" ("version" varchar NOT NULL PRIMARY KEY)[0m
  [1m[35m (4.3ms)[0m  [1m[35mCREATE TABLE "ar_internal_metadata" ("key" varchar NOT NULL PRIMARY KEY, "value" varchar, "created_at" datetime(6) NOT NULL, "updated_at" datetime(6) NOT NULL)[0m
  [1m[35m (0.2ms)[0m  [1m[34mSELECT "schema_migrations"."version" FROM "schema_migrations" ORDER BY "schema_migrations"."version" ASC[0m
Migrating to CreateBitcoinWallets (20200701181335)
  [1m[35m (0.1ms)[0m  [1m[36mbegin transaction[0m
  [1m[35m (1.0ms)[0m  [1m[35mCREATE TABLE "bitcoin_wallets" ("id" integer PRIMARY KEY AUTOINCREMENT NOT NULL, "address" varchar, "balance" varchar, "synced_at" datetime, "created_at" datetime(6) NOT NULL, "updated_at" datetime(6) NOT NULL)[0m
  [1m[36mprimary::SchemaMigration Create (0.1ms)[0m  [1m[32mINSERT INTO "schema_migrations" ("version") VALUES (?)[0m  [["version", "20200701181335"]]
  [1m[35m (10.2ms)[0m  [1m[36mcommit transaction[0m
  [1m[36mActiveRecord::InternalMetadata Load (0.3ms)[0m  [1m[34mSELECT "ar_internal_metadata".* FROM "ar_internal_metadata" WHERE "ar_internal_metadata"."key" = ? LIMIT ?[0m  [["key", "environment"], ["LIMIT", 1]]
  [1m[35m (0.0ms)[0m  [1m[36mbegin transaction[0m
  [1m[36mActiveRecord::InternalMetadata Create (0.8ms)[0m  [1m[32mINSERT INTO "ar_internal_metadata" ("key", "value", "created_at", "updated_at") VALUES (?, ?, ?, ?)[0m  [["key", "environment"], ["value", "development"], ["created_at", "2020-07-02 01:47:14.770832"], ["updated_at", "2020-07-02 01:47:14.770832"]]
  [1m[35m (9.0ms)[0m  [1m[36mcommit transaction[0m
  [1m[35m (0.0ms)[0m  [1m[34mSELECT sqlite_version(*)[0m
  [1m[35m (0.1ms)[0m  [1m[34mSELECT "schema_migrations"."version" FROM "schema_migrations" ORDER BY "schema_migrations"."version" ASC[0m
  [1m[35m (3.2ms)[0m  [1m[34mSELECT sqlite_version(*)[0m
  [1m[35m (0.1ms)[0m  [1m[36mbegin transaction[0m
  [1m[36mBitcoinWallet Create (1.5ms)[0m  [1m[32mINSERT INTO "bitcoin_wallets" ("address", "created_at", "updated_at") VALUES (?, ?, ?)[0m  [["address", "18cBEMRxXHqzWWCxZNtU91F5sbUNKhL5PX"], ["created_at", "2020-07-02 01:47:40.080981"], ["updated_at", "2020-07-02 01:47:40.080981"]]
  [1m[35m (10.9ms)[0m  [1m[36mcommit transaction[0m
  [1m[35m (3.2ms)[0m  [1m[34mSELECT sqlite_version(*)[0m
  [1m[35m (0.1ms)[0m  [1m[36mbegin transaction[0m
  [1m[36mBitcoinWallet Create (1.2ms)[0m  [1m[32mINSERT INTO "bitcoin_wallets" ("address", "created_at", "updated_at") VALUES (?, ?, ?)[0m  [["address", "18cBEMRxXHqzWWCxZNtU91F5sbUNKhL5PX"], ["created_at", "2020-07-02 01:48:29.521907"], ["updated_at", "2020-07-02 01:48:29.521907"]]
  [1m[35m (10.7ms)[0m  [1m[36mcommit transaction[0m
  [1m[35m (0.1ms)[0m  [1m[36mbegin transaction[0m
  [1m[36mBitcoinWallet Update (0.8ms)[0m  [1m[33mUPDATE "bitcoin_wallets" SET "balance" = ?, "synced_at" = ?, "updated_at" = ? WHERE "bitcoin_wallets"."id" = ?[0m  [["balance", "1595.12413170"], ["synced_at", "2020-07-02 01:48:32.011069"], ["updated_at", "2020-07-02 01:48:32.011732"], ["id", 2]]
  [1m[35m (84.8ms)[0m  [1m[36mcommit transaction[0m
  [1m[35m (0.1ms)[0m  [1m[36mbegin transaction[0m
  [1m[36mBitcoinWallet Update (1.1ms)[0m  [1m[33mUPDATE "bitcoin_wallets" SET "synced_at" = ?, "updated_at" = ? WHERE "bitcoin_wallets"."id" = ?[0m  [["synced_at", "2020-07-02 01:48:45.440000"], ["updated_at", "2020-07-02 01:48:45.440350"], ["id", 2]]
  [1m[35m (23.9ms)[0m  [1m[36mcommit transaction[0m
  [1m[35m (3.2ms)[0m  [1m[34mSELECT sqlite_version(*)[0m
  [1m[35m (0.2ms)[0m  [1m[34mSELECT "schema_migrations"."version" FROM "schema_migrations" ORDER BY "schema_migrations"."version" ASC[0m
  [1m[35m (0.2ms)[0m  [1m[34mSELECT "ar_internal_metadata"."value" FROM "ar_internal_metadata" WHERE "ar_internal_metadata"."key" = ?[0m  [["key", "environment"]]
  [1m[35m (0.1ms)[0m  [1m[34mSELECT "schema_migrations"."version" FROM "schema_migrations" ORDER BY "schema_migrations"."version" ASC[0m
  [1m[35m (0.2ms)[0m  [1m[34mSELECT "ar_internal_metadata"."value" FROM "ar_internal_metadata" WHERE "ar_internal_metadata"."key" = ?[0m  [["key", "environment"]]
  [1m[35m (0.1ms)[0m  [1m[34mSELECT "schema_migrations"."version" FROM "schema_migrations" ORDER BY "schema_migrations"."version" ASC[0m
  [1m[35m (0.1ms)[0m  [1m[34mSELECT "ar_internal_metadata"."value" FROM "ar_internal_metadata" WHERE "ar_internal_metadata"."key" = ?[0m  [["key", "environment"]]
  [1m[35m (0.1ms)[0m  [1m[34mSELECT sqlite_version(*)[0m
  [1m[35m (0.1ms)[0m  [1m[34mSELECT sqlite_version(*)[0m
  [1m[35m (0.1ms)[0m  [1m[34mSELECT sqlite_version(*)[0m
  [1m[35m (4.3ms)[0m  [1m[35mCREATE TABLE "schema_migrations" ("version" varchar NOT NULL PRIMARY KEY)[0m
  [1m[35m (9.6ms)[0m  [1m[35mCREATE TABLE "ar_internal_metadata" ("key" varchar NOT NULL PRIMARY KEY, "value" varchar, "created_at" datetime(6) NOT NULL, "updated_at" datetime(6) NOT NULL)[0m
  [1m[35m (0.1ms)[0m  [1m[34mSELECT "schema_migrations"."version" FROM "schema_migrations" ORDER BY "schema_migrations"."version" ASC[0m
Migrating to CreateBitcoinWallets (20200701181335)
  [1m[35m (0.1ms)[0m  [1m[36mbegin transaction[0m
  [1m[35m (1.4ms)[0m  [1m[35mCREATE TABLE "bitcoin_wallets" ("id" integer PRIMARY KEY AUTOINCREMENT NOT NULL, "address" varchar, "balance" varchar, "synced_at" datetime, "created_at" datetime(6) NOT NULL, "updated_at" datetime(6) NOT NULL)[0m
  [1m[36mprimary::SchemaMigration Create (0.1ms)[0m  [1m[32mINSERT INTO "schema_migrations" ("version") VALUES (?)[0m  [["version", "20200701181335"]]
  [1m[35m (7.7ms)[0m  [1m[36mcommit transaction[0m
  [1m[36mActiveRecord::InternalMetadata Load (0.5ms)[0m  [1m[34mSELECT "ar_internal_metadata".* FROM "ar_internal_metadata" WHERE "ar_internal_metadata"."key" = ? LIMIT ?[0m  [["key", "environment"], ["LIMIT", 1]]
  [1m[35m (0.1ms)[0m  [1m[36mbegin transaction[0m
  [1m[36mActiveRecord::InternalMetadata Create (0.8ms)[0m  [1m[32mINSERT INTO "ar_internal_metadata" ("key", "value", "created_at", "updated_at") VALUES (?, ?, ?, ?)[0m  [["key", "environment"], ["value", "development"], ["created_at", "2020-07-02 01:49:41.013319"], ["updated_at", "2020-07-02 01:49:41.013319"]]
  [1m[35m (8.2ms)[0m  [1m[36mcommit transaction[0m
  [1m[35m (0.0ms)[0m  [1m[34mSELECT sqlite_version(*)[0m
  [1m[35m (0.2ms)[0m  [1m[34mSELECT "schema_migrations"."version" FROM "schema_migrations" ORDER BY "schema_migrations"."version" ASC[0m
  [1m[35m (3.4ms)[0m  [1m[34mSELECT sqlite_version(*)[0m
  [1m[35m (6.2ms)[0m  [1m[36mbegin transaction[0m
  [1m[36mBitcoinWallet Create (1.2ms)[0m  [1m[32mINSERT INTO "bitcoin_wallets" ("address", "created_at", "updated_at") VALUES (?, ?, ?)[0m  [["address", "18cBEMRxXHqzWWCxZNtU91F5sbUNKhL5PX"], ["created_at", "2020-07-02 01:49:52.030362"], ["updated_at", "2020-07-02 01:49:52.030362"]]
  [1m[35m (11.0ms)[0m  [1m[36mcommit transaction[0m
  [1m[35m (3.2ms)[0m  [1m[34mSELECT sqlite_version(*)[0m
  [1m[35m (0.2ms)[0m  [1m[34mSELECT "schema_migrations"."version" FROM "schema_migrations" ORDER BY "schema_migrations"."version" ASC[0m
  [1m[35m (0.3ms)[0m  [1m[34mSELECT "ar_internal_metadata"."value" FROM "ar_internal_metadata" WHERE "ar_internal_metadata"."key" = ?[0m  [["key", "environment"]]
  [1m[35m (0.1ms)[0m  [1m[34mSELECT "schema_migrations"."version" FROM "schema_migrations" ORDER BY "schema_migrations"."version" ASC[0m
  [1m[35m (0.1ms)[0m  [1m[34mSELECT "ar_internal_metadata"."value" FROM "ar_internal_metadata" WHERE "ar_internal_metadata"."key" = ?[0m  [["key", "environment"]]
  [1m[35m (0.1ms)[0m  [1m[34mSELECT "schema_migrations"."version" FROM "schema_migrations" ORDER BY "schema_migrations"."version" ASC[0m
  [1m[35m (0.1ms)[0m  [1m[34mSELECT "ar_internal_metadata"."value" FROM "ar_internal_metadata" WHERE "ar_internal_metadata"."key" = ?[0m  [["key", "environment"]]
  [1m[35m (0.1ms)[0m  [1m[34mSELECT sqlite_version(*)[0m
  [1m[35m (0.1ms)[0m  [1m[34mSELECT sqlite_version(*)[0m
  [1m[35m (0.1ms)[0m  [1m[34mSELECT sqlite_version(*)[0m
  [1m[35m (4.9ms)[0m  [1m[35mCREATE TABLE "schema_migrations" ("version" varchar NOT NULL PRIMARY KEY)[0m
  [1m[35m (4.3ms)[0m  [1m[35mCREATE TABLE "ar_internal_metadata" ("key" varchar NOT NULL PRIMARY KEY, "value" varchar, "created_at" datetime(6) NOT NULL, "updated_at" datetime(6) NOT NULL)[0m
  [1m[35m (0.2ms)[0m  [1m[34mSELECT "schema_migrations"."version" FROM "schema_migrations" ORDER BY "schema_migrations"."version" ASC[0m
Migrating to CreateBitcoinWallets (20200701181335)
  [1m[35m (0.1ms)[0m  [1m[36mbegin transaction[0m
  [1m[35m (0.9ms)[0m  [1m[35mCREATE TABLE "bitcoin_wallets" ("id" integer PRIMARY KEY AUTOINCREMENT NOT NULL, "address" varchar, "balance" varchar, "synced_at" datetime, "created_at" datetime(6) NOT NULL, "updated_at" datetime(6) NOT NULL)[0m
  [1m[36mprimary::SchemaMigration Create (0.1ms)[0m  [1m[32mINSERT INTO "schema_migrations" ("version") VALUES (?)[0m  [["version", "20200701181335"]]
  [1m[35m (9.7ms)[0m  [1m[36mcommit transaction[0m
  [1m[36mActiveRecord::InternalMetadata Load (0.3ms)[0m  [1m[34mSELECT "ar_internal_metadata".* FROM "ar_internal_metadata" WHERE "ar_internal_metadata"."key" = ? LIMIT ?[0m  [["key", "environment"], ["LIMIT", 1]]
  [1m[35m (0.0ms)[0m  [1m[36mbegin transaction[0m
  [1m[36mActiveRecord::InternalMetadata Create (0.8ms)[0m  [1m[32mINSERT INTO "ar_internal_metadata" ("key", "value", "created_at", "updated_at") VALUES (?, ?, ?, ?)[0m  [["key", "environment"], ["value", "development"], ["created_at", "2020-07-02 01:51:07.389026"], ["updated_at", "2020-07-02 01:51:07.389026"]]
  [1m[35m (12.3ms)[0m  [1m[36mcommit transaction[0m
  [1m[35m (0.1ms)[0m  [1m[34mSELECT sqlite_version(*)[0m
  [1m[35m (0.3ms)[0m  [1m[34mSELECT "schema_migrations"."version" FROM "schema_migrations" ORDER BY "schema_migrations"."version" ASC[0m
  [1m[35m (3.3ms)[0m  [1m[34mSELECT sqlite_version(*)[0m
  [1m[35m (0.1ms)[0m  [1m[36mbegin transaction[0m
  [1m[36mBitcoinWallet Create (2.3ms)[0m  [1m[32mINSERT INTO "bitcoin_wallets" ("address", "created_at", "updated_at") VALUES (?, ?, ?)[0m  [["address", "18cBEMRxXHqzWWCxZNtU91F5sbUNKhL5PX"], ["created_at", "2020-07-02 01:51:16.882906"], ["updated_at", "2020-07-02 01:51:16.882906"]]
  [1m[35m (13.0ms)[0m  [1m[36mcommit transaction[0m
  [1m[35m (0.1ms)[0m  [1m[36mbegin transaction[0m
  [1m[36mBitcoinWallet Update (0.8ms)[0m  [1m[33mUPDATE "bitcoin_wallets" SET "balance" = ?, "synced_at" = ?, "updated_at" = ? WHERE "bitcoin_wallets"."id" = ?[0m  [["balance", "1595.12413170"], ["synced_at", "2020-07-02 01:51:18.818243"], ["updated_at", "2020-07-02 01:51:18.818436"], ["id", 1]]
  [1m[35m (11.1ms)[0m  [1m[36mcommit transaction[0m
  [1m[35m (3.1ms)[0m  [1m[34mSELECT sqlite_version(*)[0m
  [1m[35m (0.2ms)[0m  [1m[34mSELECT "schema_migrations"."version" FROM "schema_migrations" ORDER BY "schema_migrations"."version" ASC[0m
  [1m[35m (0.2ms)[0m  [1m[34mSELECT "ar_internal_metadata"."value" FROM "ar_internal_metadata" WHERE "ar_internal_metadata"."key" = ?[0m  [["key", "environment"]]
  [1m[35m (0.1ms)[0m  [1m[34mSELECT "schema_migrations"."version" FROM "schema_migrations" ORDER BY "schema_migrations"."version" ASC[0m
  [1m[35m (0.1ms)[0m  [1m[34mSELECT "ar_internal_metadata"."value" FROM "ar_internal_metadata" WHERE "ar_internal_metadata"."key" = ?[0m  [["key", "environment"]]
  [1m[35m (0.1ms)[0m  [1m[34mSELECT "schema_migrations"."version" FROM "schema_migrations" ORDER BY "schema_migrations"."version" ASC[0m
  [1m[35m (0.1ms)[0m  [1m[34mSELECT "ar_internal_metadata"."value" FROM "ar_internal_metadata" WHERE "ar_internal_metadata"."key" = ?[0m  [["key", "environment"]]
  [1m[35m (0.1ms)[0m  [1m[34mSELECT sqlite_version(*)[0m
  [1m[35m (0.1ms)[0m  [1m[34mSELECT sqlite_version(*)[0m
  [1m[35m (0.1ms)[0m  [1m[34mSELECT sqlite_version(*)[0m
  [1m[35m (10.5ms)[0m  [1m[35mCREATE TABLE "schema_migrations" ("version" varchar NOT NULL PRIMARY KEY)[0m
  [1m[35m (3.9ms)[0m  [1m[35mCREATE TABLE "ar_internal_metadata" ("key" varchar NOT NULL PRIMARY KEY, "value" varchar, "created_at" datetime(6) NOT NULL, "updated_at" datetime(6) NOT NULL)[0m
  [1m[35m (0.4ms)[0m  [1m[34mSELECT "schema_migrations"."version" FROM "schema_migrations" ORDER BY "schema_migrations"."version" ASC[0m
Migrating to CreateBitcoinWallets (20200701181335)
  [1m[35m (0.1ms)[0m  [1m[36mbegin transaction[0m
  [1m[35m (0.8ms)[0m  [1m[35mCREATE TABLE "bitcoin_wallets" ("id" integer PRIMARY KEY AUTOINCREMENT NOT NULL, "address" varchar, "balance" varchar, "synced_at" datetime, "created_at" datetime(6) NOT NULL, "updated_at" datetime(6) NOT NULL)[0m
  [1m[36mprimary::SchemaMigration Create (0.1ms)[0m  [1m[32mINSERT INTO "schema_migrations" ("version") VALUES (?)[0m  [["version", "20200701181335"]]
  [1m[35m (8.9ms)[0m  [1m[36mcommit transaction[0m
  [1m[36mActiveRecord::InternalMetadata Load (0.4ms)[0m  [1m[34mSELECT "ar_internal_metadata".* FROM "ar_internal_metadata" WHERE "ar_internal_metadata"."key" = ? LIMIT ?[0m  [["key", "environment"], ["LIMIT", 1]]
  [1m[35m (0.0ms)[0m  [1m[36mbegin transaction[0m
  [1m[36mActiveRecord::InternalMetadata Create (0.7ms)[0m  [1m[32mINSERT INTO "ar_internal_metadata" ("key", "value", "created_at", "updated_at") VALUES (?, ?, ?, ?)[0m  [["key", "environment"], ["value", "development"], ["created_at", "2020-07-02 02:02:20.353633"], ["updated_at", "2020-07-02 02:02:20.353633"]]
  [1m[35m (141.0ms)[0m  [1m[36mcommit transaction[0m
  [1m[35m (0.1ms)[0m  [1m[34mSELECT sqlite_version(*)[0m
  [1m[35m (0.3ms)[0m  [1m[34mSELECT "schema_migrations"."version" FROM "schema_migrations" ORDER BY "schema_migrations"."version" ASC[0m
  [1m[35m (3.2ms)[0m  [1m[34mSELECT sqlite_version(*)[0m
  [1m[35m (0.1ms)[0m  [1m[36mbegin transaction[0m
  [1m[36mBitcoinWallet Create (1.2ms)[0m  [1m[32mINSERT INTO "bitcoin_wallets" ("address", "created_at", "updated_at") VALUES (?, ?, ?)[0m  [["address", "18cBEMRxXHqzWWCxZNtU91F5sbUNKhL5PX"], ["created_at", "2020-07-02 02:02:32.116369"], ["updated_at", "2020-07-02 02:02:32.116369"]]
  [1m[35m (10.2ms)[0m  [1m[36mcommit transaction[0m
  [1m[35m (0.2ms)[0m  [1m[36mbegin transaction[0m
  [1m[36mBitcoinWallet Update (1.9ms)[0m  [1m[33mUPDATE "bitcoin_wallets" SET "balance" = ?, "synced_at" = ?, "updated_at" = ? WHERE "bitcoin_wallets"."id" = ?[0m  [["balance", "1595.12413170"], ["synced_at", "2020-07-02 02:02:34.702863"], ["updated_at", "2020-07-02 02:02:34.703406"], ["id", 1]]
  [1m[35m (11.4ms)[0m  [1m[36mcommit transaction[0m
  [1m[35m (8.4ms)[0m  [1m[34mSELECT sqlite_version(*)[0m
  [1m[35m (0.2ms)[0m  [1m[34mSELECT "ar_internal_metadata"."value" FROM "ar_internal_metadata" WHERE "ar_internal_metadata"."key" = ?[0m  [["key", "schema_sha1"]]
  [1m[35m (0.1ms)[0m  [1m[34mSELECT sqlite_version(*)[0m
  [1m[35m (0.2ms)[0m  [1m[34mSELECT "schema_migrations"."version" FROM "schema_migrations" ORDER BY "schema_migrations"."version" ASC[0m
  [1m[35m (0.1ms)[0m  [1m[36mbegin transaction[0m
  [1m[35m (0.1ms)[0m  [1m[31mrollback transaction[0m
  [1m[35m (0.0ms)[0m  [1m[36mbegin transaction[0m
  [1m[35m (0.1ms)[0m  [1m[31mrollback transaction[0m
  [1m[35m (0.1ms)[0m  [1m[36mbegin transaction[0m
  [1m[35m (0.0ms)[0m  [1m[31mrollback transaction[0m
  [1m[35m (0.0ms)[0m  [1m[36mbegin transaction[0m
  [1m[35m (0.2ms)[0m  [1m[35mSAVEPOINT active_record_1[0m
  [1m[36mBitcoinWallet Create (1.7ms)[0m  [1m[32mINSERT INTO "bitcoin_wallets" ("address", "balance", "synced_at", "created_at", "updated_at") VALUES (?, ?, ?, ?, ?)[0m  [["address", "18cBEMRxXHqzWWCxZNtU91F5sbUNKhL5PX"], ["balance", "925.84135840"], ["synced_at", "2020-07-02 12:22:12.718239"], ["created_at", "2020-07-02 12:22:12.719237"], ["updated_at", "2020-07-02 12:22:12.719237"]]
  [1m[35m (0.1ms)[0m  [1m[35mRELEASE SAVEPOINT active_record_1[0m
  [1m[35m (4.2ms)[0m  [1m[31mrollback transaction[0m
  [1m[35m (3.7ms)[0m  [1m[34mSELECT sqlite_version(*)[0m
  [1m[35m (0.2ms)[0m  [1m[34mSELECT "ar_internal_metadata"."value" FROM "ar_internal_metadata" WHERE "ar_internal_metadata"."key" = ?[0m  [["key", "schema_sha1"]]
  [1m[35m (0.1ms)[0m  [1m[34mSELECT sqlite_version(*)[0m
  [1m[35m (0.1ms)[0m  [1m[34mSELECT "schema_migrations"."version" FROM "schema_migrations" ORDER BY "schema_migrations"."version" ASC[0m
  [1m[35m (0.1ms)[0m  [1m[36mbegin transaction[0m
  [1m[35m (0.1ms)[0m  [1m[31mrollback transaction[0m
  [1m[35m (0.0ms)[0m  [1m[36mbegin transaction[0m
  [1m[35m (0.0ms)[0m  [1m[31mrollback transaction[0m
  [1m[35m (0.0ms)[0m  [1m[36mbegin transaction[0m
  [1m[35m (0.1ms)[0m  [1m[31mrollback transaction[0m
  [1m[35m (0.0ms)[0m  [1m[36mbegin transaction[0m
  [1m[35m (0.2ms)[0m  [1m[35mSAVEPOINT active_record_1[0m
  [1m[36mBitcoinWallet Create (1.0ms)[0m  [1m[32mINSERT INTO "bitcoin_wallets" ("address", "balance", "synced_at", "created_at", "updated_at") VALUES (?, ?, ?, ?, ?)[0m  [["address", "18cBEMRxXHqzWWCxZNtU91F5sbUNKhL5PX"], ["balance", "925.84135840"], ["synced_at", "2020-07-02 12:23:15.300300"], ["created_at", "2020-07-02 12:23:15.301364"], ["updated_at", "2020-07-02 12:23:15.301364"]]
  [1m[35m (0.1ms)[0m  [1m[35mRELEASE SAVEPOINT active_record_1[0m
  [1m[35m (3.7ms)[0m  [1m[31mrollback transaction[0m
  [1m[35m (3.4ms)[0m  [1m[34mSELECT sqlite_version(*)[0m
  [1m[35m (0.2ms)[0m  [1m[34mSELECT "ar_internal_metadata"."value" FROM "ar_internal_metadata" WHERE "ar_internal_metadata"."key" = ?[0m  [["key", "schema_sha1"]]
  [1m[35m (0.0ms)[0m  [1m[34mSELECT sqlite_version(*)[0m
  [1m[35m (0.2ms)[0m  [1m[34mSELECT "schema_migrations"."version" FROM "schema_migrations" ORDER BY "schema_migrations"."version" ASC[0m
  [1m[35m (0.1ms)[0m  [1m[36mbegin transaction[0m
  [1m[35m (0.1ms)[0m  [1m[31mrollback transaction[0m
  [1m[35m (0.0ms)[0m  [1m[36mbegin transaction[0m
  [1m[35m (0.0ms)[0m  [1m[31mrollback transaction[0m
  [1m[35m (0.0ms)[0m  [1m[36mbegin transaction[0m
  [1m[35m (0.0ms)[0m  [1m[31mrollback transaction[0m
  [1m[35m (0.0ms)[0m  [1m[36mbegin transaction[0m
  [1m[35m (0.4ms)[0m  [1m[35mSAVEPOINT active_record_1[0m
  [1m[36mBitcoinWallet Create (1.1ms)[0m  [1m[32mINSERT INTO "bitcoin_wallets" ("address", "balance", "synced_at", "created_at", "updated_at") VALUES (?, ?, ?, ?, ?)[0m  [["address", "18cBEMRxXHqzWWCxZNtU91F5sbUNKhL5PX"], ["balance", "925.84135840"], ["synced_at", "2020-07-02 12:23:50.173485"], ["created_at", "2020-07-02 12:23:50.174809"], ["updated_at", "2020-07-02 12:23:50.174809"]]
  [1m[35m (0.1ms)[0m  [1m[35mRELEASE SAVEPOINT active_record_1[0m
  [1m[35m (4.4ms)[0m  [1m[31mrollback transaction[0m
  [1m[35m (8.1ms)[0m  [1m[34mSELECT sqlite_version(*)[0m
  [1m[35m (0.3ms)[0m  [1m[34mSELECT "ar_internal_metadata"."value" FROM "ar_internal_metadata" WHERE "ar_internal_metadata"."key" = ?[0m  [["key", "schema_sha1"]]
  [1m[35m (0.0ms)[0m  [1m[34mSELECT sqlite_version(*)[0m
  [1m[35m (0.2ms)[0m  [1m[34mSELECT "schema_migrations"."version" FROM "schema_migrations" ORDER BY "schema_migrations"."version" ASC[0m
  [1m[35m (0.1ms)[0m  [1m[36mbegin transaction[0m
  [1m[35m (0.1ms)[0m  [1m[31mrollback transaction[0m
  [1m[35m (0.0ms)[0m  [1m[36mbegin transaction[0m
  [1m[35m (0.1ms)[0m  [1m[31mrollback transaction[0m
  [1m[35m (0.1ms)[0m  [1m[36mbegin transaction[0m
  [1m[35m (0.1ms)[0m  [1m[31mrollback transaction[0m
  [1m[35m (0.0ms)[0m  [1m[36mbegin transaction[0m
  [1m[35m (0.1ms)[0m  [1m[35mSAVEPOINT active_record_1[0m
  [1m[36mBitcoinWallet Create (1.6ms)[0m  [1m[32mINSERT INTO "bitcoin_wallets" ("address", "balance", "synced_at", "created_at", "updated_at") VALUES (?, ?, ?, ?, ?)[0m  [["address", "18cBEMRxXHqzWWCxZNtU91F5sbUNKhL5PX"], ["balance", "995.02230190"], ["synced_at", "2020-07-02 18:20:19.230580"], ["created_at", "2020-07-02 18:20:19.231015"], ["updated_at", "2020-07-02 18:20:19.231015"]]
  [1m[35m (0.1ms)[0m  [1m[35mRELEASE SAVEPOINT active_record_1[0m
  [1m[35m (10.6ms)[0m  [1m[31mrollback transaction[0m
  [1m[35m (0.1ms)[0m  [1m[36mbegin transaction[0m
  [1m[35m (0.3ms)[0m  [1m[35mSAVEPOINT active_record_1[0m
  [1m[36mBitcoinWallet Create (2.1ms)[0m  [1m[32mINSERT INTO "bitcoin_wallets" ("address", "balance", "synced_at", "created_at", "updated_at") VALUES (?, ?, ?, ?, ?)[0m  [["address", "18cBEMRxXHqzWWCxZNtU91F5sbUNKhL5PX"], ["balance", "995.02230190"], ["synced_at", "2020-07-02 18:20:19.525588"], ["created_at", "2020-07-02 18:20:19.526102"], ["updated_at", "2020-07-02 18:20:19.526102"]]
  [1m[35m (0.1ms)[0m  [1m[35mRELEASE SAVEPOINT active_record_1[0m
  [1m[35m (9.0ms)[0m  [1m[31mrollback transaction[0m
  [1m[35m (3.6ms)[0m  [1m[34mSELECT sqlite_version(*)[0m
  [1m[35m (0.2ms)[0m  [1m[34mSELECT "ar_internal_metadata"."value" FROM "ar_internal_metadata" WHERE "ar_internal_metadata"."key" = ?[0m  [["key", "schema_sha1"]]
  [1m[35m (0.0ms)[0m  [1m[34mSELECT sqlite_version(*)[0m
  [1m[35m (0.2ms)[0m  [1m[34mSELECT "schema_migrations"."version" FROM "schema_migrations" ORDER BY "schema_migrations"."version" ASC[0m
  [1m[35m (0.1ms)[0m  [1m[36mbegin transaction[0m
  [1m[35m (0.1ms)[0m  [1m[31mrollback transaction[0m
  [1m[35m (0.1ms)[0m  [1m[36mbegin transaction[0m
  [1m[35m (0.1ms)[0m  [1m[31mrollback transaction[0m
  [1m[35m (0.1ms)[0m  [1m[36mbegin transaction[0m
  [1m[35m (0.0ms)[0m  [1m[31mrollback transaction[0m
  [1m[35m (0.0ms)[0m  [1m[36mbegin transaction[0m
  [1m[35m (0.2ms)[0m  [1m[35mSAVEPOINT active_record_1[0m
  [1m[36mBitcoinWallet Create (2.3ms)[0m  [1m[32mINSERT INTO "bitcoin_wallets" ("address", "balance", "synced_at", "created_at", "updated_at") VALUES (?, ?, ?, ?, ?)[0m  [["address", "18cBEMRxXHqzWWCxZNtU91F5sbUNKhL5PX"], ["balance", "995.02230190"], ["synced_at", "2020-07-02 18:21:46.955479"], ["created_at", "2020-07-02 18:21:46.956539"], ["updated_at", "2020-07-02 18:21:46.956539"]]
  [1m[35m (0.2ms)[0m  [1m[35mRELEASE SAVEPOINT active_record_1[0m
  [1m[35m (10.9ms)[0m  [1m[31mrollback transaction[0m
  [1m[35m (0.1ms)[0m  [1m[36mbegin transaction[0m
  [1m[35m (0.1ms)[0m  [1m[31mrollback transaction[0m
  [1m[35m (3.7ms)[0m  [1m[34mSELECT sqlite_version(*)[0m
  [1m[35m (0.2ms)[0m  [1m[34mSELECT "ar_internal_metadata"."value" FROM "ar_internal_metadata" WHERE "ar_internal_metadata"."key" = ?[0m  [["key", "schema_sha1"]]
  [1m[35m (0.0ms)[0m  [1m[34mSELECT sqlite_version(*)[0m
  [1m[35m (0.2ms)[0m  [1m[34mSELECT "schema_migrations"."version" FROM "schema_migrations" ORDER BY "schema_migrations"."version" ASC[0m
  [1m[35m (0.1ms)[0m  [1m[36mbegin transaction[0m
  [1m[35m (0.0ms)[0m  [1m[31mrollback transaction[0m
  [1m[35m (0.0ms)[0m  [1m[36mbegin transaction[0m
  [1m[35m (0.0ms)[0m  [1m[31mrollback transaction[0m
  [1m[35m (0.0ms)[0m  [1m[36mbegin transaction[0m
  [1m[35m (0.0ms)[0m  [1m[31mrollback transaction[0m
  [1m[35m (0.0ms)[0m  [1m[36mbegin transaction[0m
  [1m[35m (0.2ms)[0m  [1m[35mSAVEPOINT active_record_1[0m
  [1m[36mBitcoinWallet Create (3.2ms)[0m  [1m[32mINSERT INTO "bitcoin_wallets" ("address", "balance", "synced_at", "created_at", "updated_at") VALUES (?, ?, ?, ?, ?)[0m  [["address", "18cBEMRxXHqzWWCxZNtU91F5sbUNKhL5PX"], ["balance", "995.02230190"], ["synced_at", "2020-07-02 18:22:21.482396"], ["created_at", "2020-07-02 18:22:21.483279"], ["updated_at", "2020-07-02 18:22:21.483279"]]
  [1m[35m (0.2ms)[0m  [1m[35mRELEASE SAVEPOINT active_record_1[0m
  [1m[35m (30.8ms)[0m  [1m[31mrollback transaction[0m
  [1m[35m (0.1ms)[0m  [1m[36mbegin transaction[0m
  [1m[35m (0.1ms)[0m  [1m[31mrollback transaction[0m
  [1m[35m (3.4ms)[0m  [1m[34mSELECT sqlite_version(*)[0m
  [1m[35m (0.2ms)[0m  [1m[34mSELECT "ar_internal_metadata"."value" FROM "ar_internal_metadata" WHERE "ar_internal_metadata"."key" = ?[0m  [["key", "schema_sha1"]]
  [1m[35m (0.1ms)[0m  [1m[34mSELECT sqlite_version(*)[0m
  [1m[35m (0.3ms)[0m  [1m[34mSELECT "schema_migrations"."version" FROM "schema_migrations" ORDER BY "schema_migrations"."version" ASC[0m
  [1m[35m (0.1ms)[0m  [1m[36mbegin transaction[0m
  [1m[35m (0.1ms)[0m  [1m[31mrollback transaction[0m
  [1m[35m (0.0ms)[0m  [1m[36mbegin transaction[0m
  [1m[35m (0.0ms)[0m  [1m[31mrollback transaction[0m
  [1m[35m (0.0ms)[0m  [1m[36mbegin transaction[0m
  [1m[35m (0.0ms)[0m  [1m[31mrollback transaction[0m
  [1m[35m (0.0ms)[0m  [1m[36mbegin transaction[0m
  [1m[35m (0.2ms)[0m  [1m[35mSAVEPOINT active_record_1[0m
  [1m[36mBitcoinWallet Create (0.9ms)[0m  [1m[32mINSERT INTO "bitcoin_wallets" ("address", "balance", "synced_at", "created_at", "updated_at") VALUES (?, ?, ?, ?, ?)[0m  [["address", "18cBEMRxXHqzWWCxZNtU91F5sbUNKhL5PX"], ["balance", "995.02230190"], ["synced_at", "2020-07-02 18:23:03.447573"], ["created_at", "2020-07-02 18:23:03.447887"], ["updated_at", "2020-07-02 18:23:03.447887"]]
  [1m[35m (0.1ms)[0m  [1m[35mRELEASE SAVEPOINT active_record_1[0m
  [1m[35m (4.3ms)[0m  [1m[31mrollback transaction[0m
  [1m[35m (0.0ms)[0m  [1m[36mbegin transaction[0m
  [1m[35m (0.0ms)[0m  [1m[31mrollback transaction[0m
  [1m[35m (3.7ms)[0m  [1m[34mSELECT sqlite_version(*)[0m
  [1m[35m (0.3ms)[0m  [1m[34mSELECT "ar_internal_metadata"."value" FROM "ar_internal_metadata" WHERE "ar_internal_metadata"."key" = ?[0m  [["key", "schema_sha1"]]
  [1m[35m (0.1ms)[0m  [1m[34mSELECT sqlite_version(*)[0m
  [1m[35m (0.2ms)[0m  [1m[34mSELECT "schema_migrations"."version" FROM "schema_migrations" ORDER BY "schema_migrations"."version" ASC[0m
  [1m[35m (0.1ms)[0m  [1m[36mbegin transaction[0m
  [1m[35m (0.1ms)[0m  [1m[31mrollback transaction[0m
  [1m[35m (0.0ms)[0m  [1m[36mbegin transaction[0m
  [1m[35m (0.0ms)[0m  [1m[31mrollback transaction[0m
  [1m[35m (0.0ms)[0m  [1m[36mbegin transaction[0m
  [1m[35m (0.1ms)[0m  [1m[31mrollback transaction[0m
  [1m[35m (0.0ms)[0m  [1m[36mbegin transaction[0m
  [1m[35m (0.2ms)[0m  [1m[35mSAVEPOINT active_record_1[0m
  [1m[36mBitcoinWallet Create (1.0ms)[0m  [1m[32mINSERT INTO "bitcoin_wallets" ("address", "balance", "synced_at", "created_at", "updated_at") VALUES (?, ?, ?, ?, ?)[0m  [["address", "18cBEMRxXHqzWWCxZNtU91F5sbUNKhL5PX"], ["balance", "995.02230190"], ["synced_at", "2020-07-02 18:24:09.667467"], ["created_at", "2020-07-02 18:24:09.668365"], ["updated_at", "2020-07-02 18:24:09.668365"]]
  [1m[35m (0.0ms)[0m  [1m[35mRELEASE SAVEPOINT active_record_1[0m
  [1m[35m (5.3ms)[0m  [1m[31mrollback transaction[0m
  [1m[35m (0.0ms)[0m  [1m[36mbegin transaction[0m
  [1m[35m (0.0ms)[0m  [1m[31mrollback transaction[0m
  [1m[35m (3.4ms)[0m  [1m[34mSELECT sqlite_version(*)[0m
  [1m[35m (0.3ms)[0m  [1m[34mSELECT "ar_internal_metadata"."value" FROM "ar_internal_metadata" WHERE "ar_internal_metadata"."key" = ?[0m  [["key", "schema_sha1"]]
  [1m[35m (0.1ms)[0m  [1m[34mSELECT sqlite_version(*)[0m
  [1m[35m (0.2ms)[0m  [1m[34mSELECT "schema_migrations"."version" FROM "schema_migrations" ORDER BY "schema_migrations"."version" ASC[0m
  [1m[35m (0.1ms)[0m  [1m[36mbegin transaction[0m
  [1m[35m (0.1ms)[0m  [1m[31mrollback transaction[0m
  [1m[35m (0.0ms)[0m  [1m[36mbegin transaction[0m
  [1m[35m (0.0ms)[0m  [1m[31mrollback transaction[0m
  [1m[35m (0.0ms)[0m  [1m[36mbegin transaction[0m
  [1m[35m (0.0ms)[0m  [1m[31mrollback transaction[0m
  [1m[35m (0.1ms)[0m  [1m[36mbegin transaction[0m
  [1m[35m (0.2ms)[0m  [1m[35mSAVEPOINT active_record_1[0m
  [1m[36mBitcoinWallet Create (3.0ms)[0m  [1m[32mINSERT INTO "bitcoin_wallets" ("address", "balance", "synced_at", "created_at", "updated_at") VALUES (?, ?, ?, ?, ?)[0m  [["address", "18cBEMRxXHqzWWCxZNtU91F5sbUNKhL5PX"], ["balance", "995.02230190"], ["synced_at", "2020-07-02 18:25:02.559918"], ["created_at", "2020-07-02 18:25:02.560834"], ["updated_at", "2020-07-02 18:25:02.560834"]]
  [1m[35m (0.2ms)[0m  [1m[35mRELEASE SAVEPOINT active_record_1[0m
  [1m[35m (18.8ms)[0m  [1m[31mrollback transaction[0m
  [1m[35m (0.1ms)[0m  [1m[36mbegin transaction[0m
  [1m[35m (0.1ms)[0m  [1m[31mrollback transaction[0m
  [1m[35m (3.7ms)[0m  [1m[34mSELECT sqlite_version(*)[0m
  [1m[35m (0.2ms)[0m  [1m[34mSELECT "ar_internal_metadata"."value" FROM "ar_internal_metadata" WHERE "ar_internal_metadata"."key" = ?[0m  [["key", "schema_sha1"]]
  [1m[35m (0.1ms)[0m  [1m[34mSELECT sqlite_version(*)[0m
  [1m[35m (0.2ms)[0m  [1m[34mSELECT "schema_migrations"."version" FROM "schema_migrations" ORDER BY "schema_migrations"."version" ASC[0m
  [1m[35m (0.1ms)[0m  [1m[36mbegin transaction[0m
  [1m[35m (0.1ms)[0m  [1m[31mrollback transaction[0m
  [1m[35m (0.0ms)[0m  [1m[36mbegin transaction[0m
  [1m[35m (0.0ms)[0m  [1m[31mrollback transaction[0m
  [1m[35m (0.0ms)[0m  [1m[36mbegin transaction[0m
  [1m[35m (0.1ms)[0m  [1m[31mrollback transaction[0m
  [1m[35m (0.0ms)[0m  [1m[36mbegin transaction[0m
  [1m[35m (0.2ms)[0m  [1m[35mSAVEPOINT active_record_1[0m
  [1m[36mBitcoinWallet Create (0.9ms)[0m  [1m[32mINSERT INTO "bitcoin_wallets" ("address", "balance", "synced_at", "created_at", "updated_at") VALUES (?, ?, ?, ?, ?)[0m  [["address", "18cBEMRxXHqzWWCxZNtU91F5sbUNKhL5PX"], ["balance", "995.02230190"], ["synced_at", "2020-07-02 18:25:35.833841"], ["created_at", "2020-07-02 18:25:35.834836"], ["updated_at", "2020-07-02 18:25:35.834836"]]
  [1m[35m (0.1ms)[0m  [1m[35mRELEASE SAVEPOINT active_record_1[0m
  [1m[35m (4.3ms)[0m  [1m[31mrollback transaction[0m
  [1m[35m (0.0ms)[0m  [1m[36mbegin transaction[0m
  [1m[35m (0.1ms)[0m  [1m[31mrollback transaction[0m
